2022-11-21 16:53:25,830 [INFO] Activator:177 - 


2022-11-21 16:53:25,830 [INFO] Activator:178 - !SESSION log4j initialized
2022-11-21 16:53:35,463 [INFO] McuFinderGlobals:39 - Set McuFinder mode to 2 (CubeIDE integrated)
2022-11-21 16:53:37,248 [INFO] ApplicationProperties:181 - Using Application install path: C:\ST\STM32CubeIDE_1.7.0\STM32CubeIDE\plugins\com.st.stm32cube.common.mx_6.3.0.202107141111
2022-11-21 16:53:37,272 [INFO] DbMcusXml:74 - Set database path to: C:\ST\STM32CubeIDE_1.7.0\STM32CubeIDE\plugins\com.st.stm32cube.common.mx_6.3.0.202107141111\\db\/mcu/
2022-11-21 16:53:37,283 [INFO] DbBoardsPdsc:56 - Set plugin database path to: C:\ST\STM32CubeIDE_1.7.0\STM32CubeIDE\plugins\com.st.stm32cube.common.mx_6.3.0.202107141111\\db\/plugins/boardmanager/
2022-11-21 16:53:37,283 [INFO] DbMcus:258 - Set plugin images path to: C:\ST\STM32CubeIDE_1.7.0\STM32CubeIDE\plugins\com.st.stm32cube.common.mx_6.3.0.202107141111\\db\/plugins/mcufinder/images/
2022-11-21 16:53:37,283 [INFO] DbBoards:264 - Set plugin images path to: C:\ST\STM32CubeIDE_1.7.0\STM32CubeIDE\plugins\com.st.stm32cube.common.mx_6.3.0.202107141111\\db\/plugins/mcufinder/images/
2022-11-21 16:53:37,283 [INFO] DbExamples:333 - Set plugin images path to: C:\ST\STM32CubeIDE_1.7.0\STM32CubeIDE\plugins\com.st.stm32cube.common.mx_6.3.0.202107141111\\db\/plugins/mcufinder/images/
2022-11-21 16:53:37,291 [INFO] DbMcusAds:119 - Set database path to: C:\Users\ACER\.stmcufinder\plugins\mcufinder//mcu/
2022-11-21 16:53:37,299 [INFO] DbMcusDocs:110 - Set database path to: C:\Users\ACER\.stmcufinder\plugins\mcufinder//mcu/
2022-11-21 16:53:37,299 [INFO] DbMcusJson:64 - Set database path to: C:\Users\ACER\.stmcufinder\plugins\mcufinder//mcu/
2022-11-21 16:53:37,299 [INFO] DbBoardsDocs:110 - Set database path to: C:\Users\ACER\.stmcufinder\plugins\mcufinder//mcu/
2022-11-21 16:53:37,299 [INFO] DbBoardsJson:57 - Set database path to: C:\Users\ACER\.stmcufinder\plugins\mcufinder//mcu/
2022-11-21 16:53:37,307 [INFO] CrossReferenceDbSqlite:196 - Set database path to: C:\Users\ACER\.stmcufinder\plugins\mcufinder//mcu/cs/
2022-11-21 16:53:37,307 [INFO] DbExamplesSqlite:767 - Set database path to: C:\Users\ACER\.stmcufinder\plugins\mcufinder//mcu/
2022-11-21 16:53:37,419 [INFO] RulesReader:57 - Compatibility file has been processed (242 Rules)
2022-11-21 16:53:37,568 [INFO] DbMcusXml:74 - Set database path to: C:\ST\STM32CubeIDE_1.7.0\STM32CubeIDE\plugins\com.st.stm32cube.common.mx_6.3.0.202107141111\\db\/mcu/
2022-11-21 16:53:37,568 [INFO] DbBoardsPdsc:56 - Set plugin database path to: C:\ST\STM32CubeIDE_1.7.0\STM32CubeIDE\plugins\com.st.stm32cube.common.mx_6.3.0.202107141111\\db\/plugins/boardmanager/
2022-11-21 16:53:37,568 [INFO] DbMcus:258 - Set plugin images path to: C:\ST\STM32CubeIDE_1.7.0\STM32CubeIDE\plugins\com.st.stm32cube.common.mx_6.3.0.202107141111\\db\/plugins/mcufinder/images/
2022-11-21 16:53:37,568 [INFO] DbBoards:264 - Set plugin images path to: C:\ST\STM32CubeIDE_1.7.0\STM32CubeIDE\plugins\com.st.stm32cube.common.mx_6.3.0.202107141111\\db\/plugins/mcufinder/images/
2022-11-21 16:53:37,568 [INFO] DbExamples:333 - Set plugin images path to: C:\ST\STM32CubeIDE_1.7.0\STM32CubeIDE\plugins\com.st.stm32cube.common.mx_6.3.0.202107141111\\db\/plugins/mcufinder/images/
2022-11-21 16:53:37,568 [WARN] DbFile:35 - Overriding database path with different value: C:\Users\ACER\.stmcufinder\plugins\mcufinder/ => C:\Users\ACER\.stmcufinder\plugins\mcufinder
2022-11-21 16:53:37,568 [INFO] DbMcusAds:119 - Set database path to: C:\Users\ACER\.stmcufinder\plugins\mcufinder//mcu/
2022-11-21 16:53:37,568 [WARN] DbFile:35 - Overriding database path with different value: C:\Users\ACER\.stmcufinder\plugins\mcufinder/ => C:\Users\ACER\.stmcufinder\plugins\mcufinder
2022-11-21 16:53:37,568 [INFO] DbMcusDocs:110 - Set database path to: C:\Users\ACER\.stmcufinder\plugins\mcufinder//mcu/
2022-11-21 16:53:37,568 [WARN] DbFile:35 - Overriding database path with different value: C:\Users\ACER\.stmcufinder\plugins\mcufinder/ => C:\Users\ACER\.stmcufinder\plugins\mcufinder
2022-11-21 16:53:37,568 [INFO] DbMcusJson:64 - Set database path to: C:\Users\ACER\.stmcufinder\plugins\mcufinder//mcu/
2022-11-21 16:53:37,568 [WARN] DbFile:35 - Overriding database path with different value: C:\Users\ACER\.stmcufinder\plugins\mcufinder/ => C:\Users\ACER\.stmcufinder\plugins\mcufinder
2022-11-21 16:53:37,568 [INFO] DbBoardsDocs:110 - Set database path to: C:\Users\ACER\.stmcufinder\plugins\mcufinder//mcu/
2022-11-21 16:53:37,568 [WARN] DbFile:35 - Overriding database path with different value: C:\Users\ACER\.stmcufinder\plugins\mcufinder/ => C:\Users\ACER\.stmcufinder\plugins\mcufinder
2022-11-21 16:53:37,568 [INFO] DbBoardsJson:57 - Set database path to: C:\Users\ACER\.stmcufinder\plugins\mcufinder//mcu/
2022-11-21 16:53:37,568 [WARN] DbFile:35 - Overriding database path with different value: C:\Users\ACER\.stmcufinder\plugins\mcufinder/ => C:\Users\ACER\.stmcufinder\plugins\mcufinder
2022-11-21 16:53:37,568 [WARN] DbFile:35 - Overriding database path with different value: C:\Users\ACER\.stmcufinder\plugins\mcufinder/ => C:\Users\ACER\.stmcufinder\plugins\mcufinder
2022-11-21 16:53:37,568 [INFO] CrossReferenceDbSqlite:196 - Set database path to: C:\Users\ACER\.stmcufinder\plugins\mcufinder//mcu/cs/
2022-11-21 16:53:37,568 [WARN] DbFile:35 - Overriding database path with different value: C:\Users\ACER\.stmcufinder\plugins\mcufinder/ => C:\Users\ACER\.stmcufinder\plugins\mcufinder
2022-11-21 16:53:37,568 [INFO] DbExamplesSqlite:767 - Set database path to: C:\Users\ACER\.stmcufinder\plugins\mcufinder//mcu/
2022-11-21 16:53:37,666 [INFO] MainPanel:214 - HeapMemory: 268435456
2022-11-21 16:53:37,778 [INFO] DbMcusXml:74 - Set database path to: C:\ST\STM32CubeIDE_1.7.0\STM32CubeIDE\plugins\com.st.stm32cube.common.mx_6.3.0.202107141111\\db\/mcu/
2022-11-21 16:53:37,778 [INFO] DbBoardsPdsc:56 - Set plugin database path to: C:\ST\STM32CubeIDE_1.7.0\STM32CubeIDE\plugins\com.st.stm32cube.common.mx_6.3.0.202107141111\\db\/plugins/boardmanager/
2022-11-21 16:53:37,778 [INFO] DbMcus:258 - Set plugin images path to: C:\ST\STM32CubeIDE_1.7.0\STM32CubeIDE\plugins\com.st.stm32cube.common.mx_6.3.0.202107141111\\db\/plugins/mcufinder/images/
2022-11-21 16:53:37,778 [INFO] DbBoards:264 - Set plugin images path to: C:\ST\STM32CubeIDE_1.7.0\STM32CubeIDE\plugins\com.st.stm32cube.common.mx_6.3.0.202107141111\\db\/plugins/mcufinder/images/
2022-11-21 16:53:37,778 [INFO] DbExamples:333 - Set plugin images path to: C:\ST\STM32CubeIDE_1.7.0\STM32CubeIDE\plugins\com.st.stm32cube.common.mx_6.3.0.202107141111\\db\/plugins/mcufinder/images/
2022-11-21 16:53:37,786 [WARN] DbFile:35 - Overriding database path with different value: C:\Users\ACER\.stmcufinder\plugins\mcufinder/ => C:\Users\ACER\.stmcufinder\plugins\mcufinder
2022-11-21 16:53:37,786 [INFO] DbMcusAds:119 - Set database path to: C:\Users\ACER\.stmcufinder\plugins\mcufinder//mcu/
2022-11-21 16:53:37,786 [WARN] DbFile:35 - Overriding database path with different value: C:\Users\ACER\.stmcufinder\plugins\mcufinder/ => C:\Users\ACER\.stmcufinder\plugins\mcufinder
2022-11-21 16:53:37,786 [INFO] DbMcusDocs:110 - Set database path to: C:\Users\ACER\.stmcufinder\plugins\mcufinder//mcu/
2022-11-21 16:53:37,786 [WARN] DbFile:35 - Overriding database path with different value: C:\Users\ACER\.stmcufinder\plugins\mcufinder/ => C:\Users\ACER\.stmcufinder\plugins\mcufinder
2022-11-21 16:53:37,786 [INFO] DbMcusJson:64 - Set database path to: C:\Users\ACER\.stmcufinder\plugins\mcufinder//mcu/
2022-11-21 16:53:37,786 [WARN] DbFile:35 - Overriding database path with different value: C:\Users\ACER\.stmcufinder\plugins\mcufinder/ => C:\Users\ACER\.stmcufinder\plugins\mcufinder
2022-11-21 16:53:37,786 [INFO] DbBoardsDocs:110 - Set database path to: C:\Users\ACER\.stmcufinder\plugins\mcufinder//mcu/
2022-11-21 16:53:37,786 [WARN] DbFile:35 - Overriding database path with different value: C:\Users\ACER\.stmcufinder\plugins\mcufinder/ => C:\Users\ACER\.stmcufinder\plugins\mcufinder
2022-11-21 16:53:37,786 [INFO] DbBoardsJson:57 - Set database path to: C:\Users\ACER\.stmcufinder\plugins\mcufinder//mcu/
2022-11-21 16:53:37,786 [WARN] DbFile:35 - Overriding database path with different value: C:\Users\ACER\.stmcufinder\plugins\mcufinder/ => C:\Users\ACER\.stmcufinder\plugins\mcufinder
2022-11-21 16:53:37,786 [WARN] DbFile:35 - Overriding database path with different value: C:\Users\ACER\.stmcufinder\plugins\mcufinder/ => C:\Users\ACER\.stmcufinder\plugins\mcufinder
2022-11-21 16:53:37,786 [INFO] CrossReferenceDbSqlite:196 - Set database path to: C:\Users\ACER\.stmcufinder\plugins\mcufinder//mcu/cs/
2022-11-21 16:53:37,786 [WARN] DbFile:35 - Overriding database path with different value: C:\Users\ACER\.stmcufinder\plugins\mcufinder/ => C:\Users\ACER\.stmcufinder\plugins\mcufinder
2022-11-21 16:53:37,786 [INFO] DbExamplesSqlite:767 - Set database path to: C:\Users\ACER\.stmcufinder\plugins\mcufinder//mcu/
2022-11-21 16:53:37,807 [INFO] ApplicationProperties:181 - Using Application install path: C:\ST\STM32CubeIDE_1.7.0\STM32CubeIDE\plugins\com.st.stm32cube.common.mx_6.3.0.202107141111
2022-11-21 16:53:37,807 [INFO] PluginManage:188 - Search for loadable plugins [exclusion list=, ]
2022-11-21 16:53:37,807 [INFO] PluginManage:302 - Check plugin analytics
2022-11-21 16:53:42,530 [INFO] AnalyticsPlugin:257 - Accepted Software Licenses: 
2022-11-21 16:53:42,530 [INFO] AnalyticsPlugin:259 - Accepted CMSIS Pack Licenses: 
2022-11-21 16:53:42,530 [INFO] AnalyticsPlugin:261 - Accepted Firmware Licenses: 
2022-11-21 16:53:42,530 [INFO] PluginManage:352 - Loaded plugin analytics (category:tool,tabindex:-1)
2022-11-21 16:53:42,530 [INFO] PluginManage:302 - Check plugin clock
2022-11-21 16:53:42,564 [INFO] PluginManage:352 - Loaded plugin clock (category:base,tabindex:2)
2022-11-21 16:53:42,564 [INFO] PluginManage:302 - Check plugin ddr
2022-11-21 16:53:42,564 [INFO] PluginManage:352 - Loaded plugin ddr (category:tool,tabindex:6)
2022-11-21 16:53:42,564 [INFO] PluginManage:302 - Check plugin filemanager
2022-11-21 16:53:42,734 [INFO] PluginManage:352 - Loaded plugin filemanager (category:base,tabindex:10)
2022-11-21 16:53:42,734 [INFO] PluginManage:302 - Check plugin ipmanager
2022-11-21 16:53:42,746 [INFO] PluginManage:352 - Loaded plugin ipmanager (category:base,tabindex:5)
2022-11-21 16:53:42,746 [INFO] PluginManage:302 - Check plugin pinoutandconfiguration
2022-11-21 16:53:42,770 [INFO] PluginManage:352 - Loaded plugin pinoutandconfiguration (category:base,tabindex:1)
2022-11-21 16:53:42,770 [INFO] PluginManage:302 - Check plugin pinoutconfig
2022-11-21 16:53:42,818 [INFO] PluginManage:352 - Loaded plugin pinoutconfig (category:base,tabindex:0)
2022-11-21 16:53:42,818 [INFO] PluginManage:302 - Check plugin power
2022-11-21 16:53:42,842 [INFO] PluginManage:352 - Loaded plugin power (category:power,tabindex:4)
2022-11-21 16:53:42,842 [INFO] PluginManage:302 - Check plugin projectmanager
2022-11-21 16:53:42,858 [INFO] PluginManage:352 - Loaded plugin projectmanager (category:projectmanager,tabindex:3)
2022-11-21 16:53:42,858 [INFO] PluginManage:302 - Check plugin thirdparty
2022-11-21 16:53:43,115 [WARN] IntegrityCheckThread:78 - waiting for thirdparty lock release [integrity check]
2022-11-21 16:53:43,115 [INFO] PluginManage:352 - Loaded plugin thirdparty (category:base,tabindex:-1)
2022-11-21 16:53:43,123 [INFO] IntegrityCheckThread:80 - entering critical section [integrity check]
2022-11-21 16:53:43,123 [INFO] PluginManage:302 - Check plugin tools
2022-11-21 16:53:43,123 [INFO] ThirdPartyUpdaterWithRetryManager:66 - Updater plugin not ready yet. [1/15]
2022-11-21 16:53:43,179 [INFO] PluginManage:352 - Loaded plugin tools (category:base,tabindex:7)
2022-11-21 16:53:43,179 [INFO] PluginManage:302 - Check plugin tutovideos
2022-11-21 16:53:43,475 [INFO] PluginManage:352 - Loaded plugin tutovideos (category:base,tabindex:-1)
2022-11-21 16:53:43,475 [INFO] PluginManage:302 - Check plugin updater
2022-11-21 16:53:43,492 [INFO] PluginManage:352 - Loaded plugin updater (category:base,tabindex:12)
2022-11-21 16:53:43,492 [INFO] PluginManage:275 - PluginManage : Loaded plugins [13]
2022-11-21 16:53:43,723 [INFO] PinOutPanel:1463 - setPackage(No Configuration,No Configuration)
2022-11-21 16:53:43,878 [INFO] IPUIPlugin:74 - create IPUIPlugin
2022-11-21 16:53:43,878 [INFO] PluginManager:213 - loadIPPluginJar : add adc
2022-11-21 16:53:43,918 [INFO] IPUIPlugin:74 - create IPUIPlugin
2022-11-21 16:53:43,918 [INFO] PluginManager:213 - loadIPPluginJar : add aes
2022-11-21 16:53:43,966 [INFO] IPUIPlugin:74 - create IPUIPlugin
2022-11-21 16:53:43,966 [INFO] PluginManager:213 - loadIPPluginJar : add can
2022-11-21 16:53:43,991 [INFO] IPUIPlugin:74 - create IPUIPlugin
2022-11-21 16:53:43,991 [INFO] PluginManager:213 - loadIPPluginJar : add comp
2022-11-21 16:53:44,023 [INFO] IPUIPlugin:74 - create IPUIPlugin
2022-11-21 16:53:44,023 [INFO] PluginManager:213 - loadIPPluginJar : add cryp
2022-11-21 16:53:44,055 [INFO] IPUIPlugin:74 - create IPUIPlugin
2022-11-21 16:53:44,055 [INFO] PluginManager:213 - loadIPPluginJar : add dfsdm
2022-11-21 16:53:44,071 [INFO] IPUIPlugin:74 - create IPUIPlugin
2022-11-21 16:53:44,071 [INFO] PluginManager:213 - loadIPPluginJar : add dma
2022-11-21 16:53:44,119 [INFO] IPUIPlugin:74 - create IPUIPlugin
2022-11-21 16:53:44,119 [INFO] PluginManager:213 - loadIPPluginJar : add dma3
2022-11-21 16:53:44,143 [INFO] IPUIPlugin:74 - create IPUIPlugin
2022-11-21 16:53:44,143 [INFO] PluginManager:213 - loadIPPluginJar : add fatfs
2022-11-21 16:53:44,199 [INFO] IPUIPlugin:74 - create IPUIPlugin
2022-11-21 16:53:44,199 [INFO] PluginManager:213 - loadIPPluginJar : add fmc
2022-11-21 16:53:44,215 [INFO] IPUIPlugin:74 - create IPUIPlugin
2022-11-21 16:53:44,215 [INFO] PluginManager:213 - loadIPPluginJar : add freertos
2022-11-21 16:53:44,247 [INFO] IPUIPlugin:74 - create IPUIPlugin
2022-11-21 16:53:44,247 [INFO] PluginManager:213 - loadIPPluginJar : add genericplugin
2022-11-21 16:53:44,351 [INFO] IPUIPlugin:74 - create IPUIPlugin
2022-11-21 16:53:44,351 [INFO] PluginManager:213 - loadIPPluginJar : add gfxmmu
2022-11-21 16:53:44,479 [INFO] IPUIPlugin:74 - create IPUIPlugin
2022-11-21 16:53:44,479 [INFO] PluginManager:213 - loadIPPluginJar : add gic
2022-11-21 16:53:44,495 [INFO] IPUIPlugin:74 - create IPUIPlugin
2022-11-21 16:53:44,495 [INFO] PluginManager:213 - loadIPPluginJar : add gpio
2022-11-21 16:53:44,578 [INFO] IPUIPlugin:74 - create IPUIPlugin
2022-11-21 16:53:44,578 [INFO] PluginManager:213 - loadIPPluginJar : add gtzc
2022-11-21 16:53:44,621 [INFO] IPUIPlugin:74 - create IPUIPlugin
2022-11-21 16:53:44,621 [INFO] PluginManager:213 - loadIPPluginJar : add hash
2022-11-21 16:53:44,669 [INFO] IPUIPlugin:74 - create IPUIPlugin
2022-11-21 16:53:44,669 [INFO] PluginManager:213 - loadIPPluginJar : add i2c
2022-11-21 16:53:44,717 [INFO] IPUIPlugin:74 - create IPUIPlugin
2022-11-21 16:53:44,717 [INFO] PluginManager:213 - loadIPPluginJar : add i2s
2022-11-21 16:53:44,725 [INFO] IPUIPlugin:74 - create IPUIPlugin
2022-11-21 16:53:44,725 [INFO] PluginManager:213 - loadIPPluginJar : add ipddr
2022-11-21 16:53:44,821 [INFO] IPUIPlugin:74 - create IPUIPlugin
2022-11-21 16:53:44,821 [INFO] PluginManager:213 - loadIPPluginJar : add linkedlist
2022-11-21 16:53:44,885 [INFO] IPUIPlugin:74 - create IPUIPlugin
2022-11-21 16:53:44,885 [INFO] PluginManager:213 - loadIPPluginJar : add lorawan
2022-11-21 16:53:44,925 [INFO] IPUIPlugin:74 - create IPUIPlugin
2022-11-21 16:53:44,925 [INFO] PluginManager:213 - loadIPPluginJar : add ltdc
2022-11-21 16:53:44,941 [INFO] IPUIPlugin:74 - create IPUIPlugin
2022-11-21 16:53:44,941 [INFO] PluginManager:213 - loadIPPluginJar : add mdma
2022-11-21 16:53:44,949 [INFO] IPUIPlugin:74 - create IPUIPlugin
2022-11-21 16:53:44,949 [INFO] PluginManager:213 - loadIPPluginJar : add nvic
2022-11-21 16:53:44,997 [INFO] IPUIPlugin:74 - create IPUIPlugin
2022-11-21 16:53:44,997 [INFO] PluginManager:213 - loadIPPluginJar : add opamp
2022-11-21 16:53:45,053 [INFO] IPUIPlugin:74 - create IPUIPlugin
2022-11-21 16:53:45,053 [INFO] PluginManager:213 - loadIPPluginJar : add openamp
2022-11-21 16:53:45,101 [INFO] IPUIPlugin:74 - create IPUIPlugin
2022-11-21 16:53:45,101 [INFO] PluginManager:213 - loadIPPluginJar : add pdm2pcm
2022-11-21 16:53:45,125 [INFO] IPUIPlugin:74 - create IPUIPlugin
2022-11-21 16:53:45,125 [INFO] PluginManager:213 - loadIPPluginJar : add plateformsettings
2022-11-21 16:53:45,173 [INFO] IPUIPlugin:74 - create IPUIPlugin
2022-11-21 16:53:45,173 [INFO] PluginManager:213 - loadIPPluginJar : add quadspi
2022-11-21 16:53:45,189 [INFO] IPUIPlugin:74 - create IPUIPlugin
2022-11-21 16:53:45,189 [INFO] PluginManager:213 - loadIPPluginJar : add resmgrutility
2022-11-21 16:53:45,237 [INFO] IPUIPlugin:74 - create IPUIPlugin
2022-11-21 16:53:45,237 [INFO] PluginManager:213 - loadIPPluginJar : add sai
2022-11-21 16:53:45,277 [INFO] IPUIPlugin:74 - create IPUIPlugin
2022-11-21 16:53:45,277 [INFO] PluginManager:213 - loadIPPluginJar : add spi
2022-11-21 16:53:45,333 [INFO] IPUIPlugin:74 - create IPUIPlugin
2022-11-21 16:53:45,333 [INFO] PluginManager:213 - loadIPPluginJar : add stm32_wpan
2022-11-21 16:53:45,365 [INFO] IPUIPlugin:74 - create IPUIPlugin
2022-11-21 16:53:45,365 [INFO] PluginManager:213 - loadIPPluginJar : add tim
2022-11-21 16:53:45,429 [INFO] IPUIPlugin:74 - create IPUIPlugin
2022-11-21 16:53:45,429 [INFO] PluginManager:213 - loadIPPluginJar : add touchsensing
2022-11-21 16:53:45,461 [INFO] IPUIPlugin:74 - create IPUIPlugin
2022-11-21 16:53:45,461 [INFO] PluginManager:213 - loadIPPluginJar : add tracer_emb
2022-11-21 16:53:45,485 [INFO] IPUIPlugin:74 - create IPUIPlugin
2022-11-21 16:53:45,485 [INFO] PluginManager:213 - loadIPPluginJar : add ts
2022-11-21 16:53:45,517 [INFO] IPUIPlugin:74 - create IPUIPlugin
2022-11-21 16:53:45,517 [INFO] PluginManager:213 - loadIPPluginJar : add tsc
2022-11-21 16:53:45,541 [INFO] IPUIPlugin:74 - create IPUIPlugin
2022-11-21 16:53:45,549 [INFO] PluginManager:213 - loadIPPluginJar : add ucpd
2022-11-21 16:53:45,608 [INFO] IPUIPlugin:74 - create IPUIPlugin
2022-11-21 16:53:45,613 [INFO] PluginManager:213 - loadIPPluginJar : add usart
2022-11-21 16:53:45,685 [INFO] IPUIPlugin:74 - create IPUIPlugin
2022-11-21 16:53:45,685 [INFO] PluginManager:213 - loadIPPluginJar : add usbx
2022-11-21 16:53:46,113 [FATAL] Updater:294 - Updater called before beeing initialized
2022-11-21 16:53:46,129 [INFO] ThirdPartyUpdaterWithRetryManager:66 - Updater plugin not ready yet. [2/15]
2022-11-21 16:53:46,259 [FATAL] Updater:294 - Updater called before beeing initialized
2022-11-21 16:53:46,259 [INFO] DbMcusAds:47 - JSON generation date=Thu Sep 30 13:56:37 ICT 2021 (1632984997303)
2022-11-21 16:53:46,259 [FATAL] Updater:294 - Updater called before beeing initialized
2022-11-21 16:53:46,315 [WARN] DetailPanel:314 - Failed to get advertising image, set to default
2022-11-21 16:53:46,417 [FATAL] Updater:294 - Updater called before beeing initialized
2022-11-21 16:53:46,417 [FATAL] Updater:294 - Updater called before beeing initialized
2022-11-21 16:53:46,417 [FATAL] Updater:294 - Updater called before beeing initialized
2022-11-21 16:53:46,417 [WARN] DetailPanel:314 - Failed to get advertising image, set to default
2022-11-21 16:53:46,417 [FATAL] Updater:294 - Updater called before beeing initialized
2022-11-21 16:53:46,487 [ERROR] Updater:1075 - MainUpdater not yet initialized. External WinMGr cannot be set.
2022-11-21 16:53:46,495 [INFO] Updater:1012 - Updater Version found : 6.3.0
2022-11-21 16:53:46,519 [INFO] ApplicationProperties:181 - Using Application install path: C:\ST\STM32CubeIDE_1.7.0\STM32CubeIDE\plugins\com.st.stm32cube.common.mx_6.3.0.202107141111
2022-11-21 16:53:46,976 [INFO] MainUpdater:2671 - connection check result : 10
2022-11-21 16:53:46,976 [INFO] MainUpdater:265 - Updater Check For Update Now.
2022-11-21 16:53:46,976 [INFO] MicroXplorer:478 - Change Database Version : DB.6.0.30
2022-11-21 16:53:47,174 [INFO] CheckServerUpdateThread:112 - End of CheckServer Thread
2022-11-21 16:53:47,226 [INFO] MainUpdater:2671 - connection check result : 10
2022-11-21 16:53:47,688 [INFO] McuFinderGlobals:52 - Set McuFinderConnectedMode to false
2022-11-21 16:53:47,825 [INFO] CrossSelectorPresenter:1330 - Cross Selector saved comparison directory: C:\Users\ACER\.stmcufinder\plugins\mcufinder\mcu\cs_comparisons_mx
2022-11-21 16:53:47,833 [INFO] MultiScanPanel:197 - Auto-refresh data requested => check proxy status ongoing
2022-11-21 16:53:47,833 [INFO] MultiScanPanel:201 - Proxy status is invalid
2022-11-21 16:53:47,833 [INFO] FinderPluginLoader:87 - Searching for filters in installed packs
2022-11-21 16:53:47,833 [INFO] DbMcusXml:100 - Load MCU database from C:\ST\STM32CubeIDE_1.7.0\STM32CubeIDE\plugins\com.st.stm32cube.common.mx_6.3.0.202107141111\\db\/mcu/families.xml
2022-11-21 16:53:48,993 [INFO] DbMcusJson:93 - JSON generation date=Tue Nov 16 23:17:54 ICT 2021 (1637079474)
2022-11-21 16:53:49,401 [WARN] PackLoader:238 - Cannot read IP mode file for STMicroelectronics.X-CUBE-GNSS1.6.0.0
2022-11-21 16:53:49,475 [WARN] PackLoader:238 - Cannot read IP mode file for STMicroelectronics.X-CUBE-AZRTOS-F4.1.1.0
2022-11-21 16:53:49,512 [WARN] PackLoader:238 - Cannot read IP mode file for STMicroelectronics.X-CUBE-BLEMGR.1.2.0
2022-11-21 16:53:49,559 [WARN] PackLoader:238 - Cannot read IP mode file for STMicroelectronics.X-CUBE-AZRTOS-F7.1.1.0
2022-11-21 16:53:49,575 [WARN] PackLoader:238 - Cannot read IP mode file for STMicroelectronics.X-CUBE-BLE1.6.2.3
2022-11-21 16:53:49,611 [WARN] PackLoader:238 - Cannot read IP mode file for STMicroelectronics.X-CUBE-NFC4.2.0.5
2022-11-21 16:53:49,627 [WARN] PackLoader:238 - Cannot read IP mode file for STMicroelectronics.X-CUBE-NFC4.2.0.4
2022-11-21 16:53:49,658 [WARN] PackLoader:238 - Cannot read IP mode file for STMicroelectronics.X-CUBE-TOF1.3.1.0
2022-11-21 16:53:49,682 [WARN] PackLoader:238 - Cannot read IP mode file for wolfSSL.I-CUBE-wolfSSL.5.5.0
2022-11-21 16:53:49,682 [WARN] PackLoader:238 - Cannot read IP mode file for STMicroelectronics.X-CUBE-NFC7.1.0.0
2022-11-21 16:53:49,789 [WARN] PackLoader:238 - Cannot read IP mode file for STMicroelectronics.X-CUBE-MEMS1.9.3.0
2022-11-21 16:53:49,836 [INFO] DbMcus:175 - Found 1951 MCUs (1903 are supported by CubeMX, 1914 are visible in CubeMX)
2022-11-21 16:53:49,852 [INFO] ApiDb:251 - Load user favorites file C:\Users\ACER/.stm32cubeide/favorites.mcus.txt: 0 item(s)
2022-11-21 16:53:49,852 [INFO] ApiDb:255 - User favorites MCUs=[]
2022-11-21 16:53:49,852 [INFO] DbMcus:187 - Set 0 / 0 favorites MCUs
2022-11-21 16:53:50,061 [WARN] PackLoader:238 - Cannot read IP mode file for STMicroelectronics.X-CUBE-AI.7.2.0
2022-11-21 16:53:50,079 [WARN] PackLoader:238 - Cannot read IP mode file for STMicroelectronics.X-CUBE-SFXS2LP1.4.0.0
2022-11-21 16:53:50,101 [WARN] PackLoader:238 - Cannot read IP mode file for STMicroelectronics.X-CUBE-BLE2.3.3.0
2022-11-21 16:53:50,130 [WARN] PackLoader:238 - Cannot read IP mode file for STMicroelectronics.X-CUBE-DISPLAY.2.2.0
2022-11-21 16:53:50,162 [WARN] PackLoader:238 - Cannot read IP mode file for STMicroelectronics.X-CUBE-TOF1.3.2.0
2022-11-21 16:53:50,177 [WARN] PackLoader:238 - Cannot read IP mode file for STMicroelectronics.X-CUBE-ISPU.1.0.0
2022-11-21 16:53:50,217 [WARN] PackLoader:238 - Cannot read IP mode file for STMicroelectronics.X-CUBE-ISPU.1.1.0
2022-11-21 16:53:50,237 [WARN] PackLoader:238 - Cannot read IP mode file for RoweBots.I-CUBE-UNISONRTOS.5.5.0-4
2022-11-21 16:53:50,290 [WARN] PackLoader:238 - Cannot read IP mode file for STMicroelectronics.X-CUBE-AZRTOS-H7.2.1.0
2022-11-21 16:53:50,315 [WARN] PackLoader:238 - Cannot read IP mode file for STMicroelectronics.X-CUBE-BLEMGR.1.0.0
2022-11-21 16:53:50,327 [WARN] PackLoader:238 - Cannot read IP mode file for STMicroelectronics.X-CUBE-AI.7.3.0
2022-11-21 16:53:50,339 [WARN] PackLoader:238 - Cannot read IP mode file for STMicroelectronics.X-CUBE-ALGOBUILD.1.3.0
2022-11-21 16:53:50,388 [WARN] PackLoader:238 - Cannot read IP mode file for STMicroelectronics.X-CUBE-AZRTOS-G0.1.1.0
2022-11-21 16:53:50,408 [WARN] PackLoader:238 - Cannot read IP mode file for STMicroelectronics.X-CUBE-SUBG2.5.0.0
2022-11-21 16:53:50,473 [WARN] PackLoader:238 - Cannot read IP mode file for SEGGER.I-CUBE-embOS.1.2.0
2022-11-21 16:53:50,505 [INFO] DetailPanel:309 - Set advertising image to C:/Users/ACER/STM32Cube/Repository/\en.Prom_NBSTM32U50921.jpg
2022-11-21 16:53:50,535 [WARN] PackLoader:238 - Cannot read IP mode file for STMicroelectronics.FP-ATR-ASTRA1.1.1.1
2022-11-21 16:53:50,552 [WARN] PackLoader:238 - Cannot read IP mode file for STMicroelectronics.X-CUBE-AZRTOS-G4.1.0.0
2022-11-21 16:53:50,572 [WARN] PackLoader:238 - Cannot read IP mode file for STMicroelectronics.FP-ATR-SIGFOX1.3.2.0
2022-11-21 16:53:50,604 [WARN] PackLoader:238 - Cannot read IP mode file for STMicroelectronics.X-CUBE-AZRTOS-L4.1.0.0
2022-11-21 16:53:50,627 [WARN] PackLoader:238 - Cannot read IP mode file for emotas.I-CUBE-CANOPEN.1.1.2
2022-11-21 16:53:50,627 [WARN] PackLoader:238 - Cannot read IP mode file for STMicroelectronics.X-CUBE-TOUCHGFX.4.20.0
2022-11-21 16:53:50,656 [WARN] PackLoader:238 - Cannot read IP mode file for STMicroelectronics.X-CUBE-AZRTOS-WL.1.0.0
2022-11-21 16:53:50,673 [WARN] PackLoader:238 - Cannot read IP mode file for portGmbH.I-Cube-SoM-uGOAL.1.1.0
2022-11-21 16:53:50,673 [WARN] PackLoader:238 - Cannot read IP mode file for STMicroelectronics.X-CUBE-ALS.1.0.1
2022-11-21 16:53:50,716 [WARN] PackLoader:238 - Cannot read IP mode file for STMicroelectronics.X-CUBE-AZRTOS-L5.1.0.0
2022-11-21 16:53:50,732 [WARN] PackLoader:238 - Cannot read IP mode file for STMicroelectronics.X-CUBE-EEPRMA1.3.1.1
2022-11-21 16:53:50,732 [INFO] ThirdParty:915 - Integrity check success = true
2022-11-21 16:53:50,732 [INFO] IntegrityCheckThread:94 - exiting critical section [integrity check]
2022-11-21 16:53:50,732 [INFO] IntegrityCheckThread:97 - End integrity checks thread
2022-11-21 16:53:50,953 [INFO] DbBoardsPdsc:90 - Found 25 items
2022-11-21 16:53:50,953 [INFO] DbBoardsPdsc:90 - Found 9 items
2022-11-21 16:53:50,969 [INFO] DbBoardsPdsc:90 - Found 33 items
2022-11-21 16:53:50,984 [INFO] DbBoardsPdsc:90 - Found 1 items
2022-11-21 16:53:51,000 [INFO] DbBoardsPdsc:90 - Found 48 items
2022-11-21 16:53:51,025 [INFO] DbBoardsPdsc:90 - Found 43 items
2022-11-21 16:53:51,037 [INFO] DbBoardsPdsc:90 - Found 2 items
2022-11-21 16:53:51,045 [INFO] DbBoardsPdsc:90 - Found 5 items
2022-11-21 16:53:51,045 [WARN] DbBoardsPdsc:254 - Board STM32H7B3I-DK: unknown feature type=Audio, name=, username=Audio stereo codec with Headphone Amp (CS42L51-CNZ), n=1
2022-11-21 16:53:51,045 [WARN] DbBoardsPdsc:254 - Board STM32H735G-DK: unknown feature type=Audio, name=, username=Audio stereo codec with Headphone Amp (WM8994ECS/R), n=1
2022-11-21 16:53:51,045 [WARN] DbBoardsPdsc:254 - Board STM32H7B3I-EVAL: unknown feature type=Audio, name=, username=Multi-Channel Audio Codec (CS42L51-CNZ), n=1
2022-11-21 16:53:51,045 [WARN] DbBoardsPdsc:254 - Board STM32H7B3I-EVAL: unknown feature type=Meter, name=, username=Power-metering and Temperature-monitoring with sigma-delta modulators, n=1
2022-11-21 16:53:51,045 [WARN] DbBoardsPdsc:254 - Board STM32H7B3I-EVAL: unknown feature type=Motor, name=, username=Motor Control, n=1
2022-11-21 16:53:51,045 [WARN] DbBoardsPdsc:254 - Board STM32U575I-EV: unknown feature type=joystick, name=, username=4-direction joystick with selection button, n=1
2022-11-21 16:53:51,108 [INFO] DbBoardsJson:86 - JSON generation date=Tue Nov 16 23:17:54 ICT 2021 (1637079474)
2022-11-21 16:53:51,108 [INFO] DbBoards:117 - Found 167 boards (163 are supported by CubeMX)
2022-11-21 16:53:51,123 [INFO] DbBoardsDocs:143 - JSON generation date=Tue Nov 16 23:17:54 ICT 2021 (1637079474)
2022-11-21 16:53:51,123 [INFO] DbBoardsDocs:79 - Found 209 boards documents
2022-11-21 16:53:51,123 [WARN] DbBoards:127 - board B-L475E-IOT01A2 has no document id list !
2022-11-21 16:53:51,123 [WARN] DbBoards:127 - board NUCLEO-H743ZI has no document id list !
2022-11-21 16:53:51,139 [WARN] DbBoards:127 - board NUCLEO-WL55JC2 has no document id list !
2022-11-21 16:53:51,139 [WARN] DbBoards:127 - board P-NUCLEO-WB55-Nucleo has no document id list !
2022-11-21 16:53:51,139 [WARN] DbBoards:127 - board P-NUCLEO-WB55-USBDongle has no document id list !
2022-11-21 16:53:51,139 [WARN] DbBoards:127 - board STEVAL-BFA001V1B has no document id list !
2022-11-21 16:53:51,139 [WARN] DbBoards:127 - board STEVAL-BFA001V2B has no document id list !
2022-11-21 16:53:51,139 [WARN] DbBoards:127 - board STEVAL-IDP005V1 has no document id list !
2022-11-21 16:53:51,139 [WARN] DbBoards:127 - board STEVAL-IDP005V2 has no document id list !
2022-11-21 16:53:51,139 [WARN] DbBoards:127 - board STEVAL-MKSBOX1V1 has no document id list !
2022-11-21 16:53:51,139 [WARN] DbBoards:127 - board STEVAL-STWINKT1 has no document id list !
2022-11-21 16:53:51,139 [WARN] DbBoards:127 - board STEVAL-STWINKT1B has no document id list !
2022-11-21 16:53:51,139 [WARN] DbBoards:127 - board STM32439I-EVAL2 has no document id list !
2022-11-21 16:53:51,139 [WARN] DbBoards:127 - board STM32F401C-DISCO has no document id list !
2022-11-21 16:53:51,139 [WARN] DbBoards:127 - board STM32F769I-DISC1 has no document id list !
2022-11-21 16:53:51,139 [WARN] DbBoards:127 - board STM32G474E-EVAL1 has no document id list !
2022-11-21 16:53:51,139 [WARN] DbBoards:127 - board STM32H743I-EVAL2 has no document id list !
2022-11-21 16:53:51,139 [WARN] DbBoards:127 - board STM32H747I-DISC1 has no document id list !
2022-11-21 16:53:51,139 [WARN] DbBoards:127 - board STM32H753I-EVAL2 has no document id list !
2022-11-21 16:53:51,139 [WARN] DbBoards:127 - board STM32L-DISCOVERY has no document id list !
2022-11-21 16:53:51,295 [ERROR] DbBoards:189 - Image file not found for board B-U585I-IOT02A: C:\ST\STM32CubeIDE_1.7.0\STM32CubeIDE\plugins\com.st.stm32cube.common.mx_6.3.0.202107141111\\db\/plugins/mcufinder/images/boards/B-U585I-IOT02A_small.jpg
2022-11-21 16:53:51,432 [ERROR] DbBoards:189 - Image file not found for board NUCLEO-F413ZH: C:\ST\STM32CubeIDE_1.7.0\STM32CubeIDE\plugins\com.st.stm32cube.common.mx_6.3.0.202107141111\\db\/plugins/mcufinder/images/boards/nucleo-f413zh_small.jpg
2022-11-21 16:53:51,660 [ERROR] DbBoards:189 - Image file not found for board NUCLEO-L552ZE-Q: C:\ST\STM32CubeIDE_1.7.0\STM32CubeIDE\plugins\com.st.stm32cube.common.mx_6.3.0.202107141111\\db\/plugins/mcufinder/images/boards/nucleo_l552ze_q_small.jpg
2022-11-21 16:53:51,660 [ERROR] DbBoards:189 - Image file not found for board NUCLEO-U575ZI-Q: C:\ST\STM32CubeIDE_1.7.0\STM32CubeIDE\plugins\com.st.stm32cube.common.mx_6.3.0.202107141111\\db\/plugins/mcufinder/images/boards/nucleo-u575zi-q_small.jpg
2022-11-21 16:53:51,660 [ERROR] DbBoards:189 - Image file not found for board NUCLEO-WB15CC: C:\ST\STM32CubeIDE_1.7.0\STM32CubeIDE\plugins\com.st.stm32cube.common.mx_6.3.0.202107141111\\db\/plugins/mcufinder/images/boards/nucleo-wb15cc_small.jpg
2022-11-21 16:53:51,660 [ERROR] DbBoards:189 - Image file not found for board NUCLEO-WB55RG: C:\ST\STM32CubeIDE_1.7.0\STM32CubeIDE\plugins\com.st.stm32cube.common.mx_6.3.0.202107141111\\db\/plugins/mcufinder/images/boards/nucleo-wb55rg_small.jpg
2022-11-21 16:53:53,430 [INFO] ApiDb:251 - Load user favorites file C:\Users\ACER/.stm32cubeide/favorites.boards.txt: 0 item(s)
2022-11-21 16:53:53,430 [INFO] ApiDb:255 - User favorites Boards=[]
2022-11-21 16:53:53,430 [INFO] DbBoards:206 - Set 0 / 0 favorites Boards
2022-11-21 16:54:02,520 [INFO] DbMcusDocs:143 - JSON generation date=Tue Nov 16 23:17:54 ICT 2021 (1637079474)
2022-11-21 16:54:02,893 [INFO] DbMcusDocs:79 - Found 682 MCUs documents
2022-11-21 16:54:45,761 [INFO] MainUpdater:2671 - connection check result : 10
2022-11-21 16:54:45,761 [INFO] MainUpdater:2671 - connection check result : 10
2022-11-21 16:54:45,849 [INFO] MicroXplorer:448 - Change Database Path : 
2022-11-21 16:54:45,849 [INFO] MicroXplorer:478 - Change Database Version : DB.6.0.30
2022-11-21 16:54:45,849 [WARN] ThirdParty:813 - waiting for thirdparty lock release [close project]
2022-11-21 16:54:45,849 [INFO] ThirdParty:815 - entering critical section [close project]
2022-11-21 16:54:45,849 [INFO] ThirdParty:825 - exiting critical section [close project]
2022-11-21 16:54:45,858 [INFO] PinOutPanel:1463 - setPackage(No Configuration,No Configuration)
2022-11-21 16:54:45,858 [INFO] UtilMem:74 - Begin LoadConfig() Used Memory: 458659840 Bytes (541065216)
2022-11-21 16:54:45,858 [INFO] MicroXplorer:448 - Change Database Path : 
2022-11-21 16:54:45,858 [INFO] MicroXplorer:478 - Change Database Version : DB.6.0.30
2022-11-21 16:54:45,858 [INFO] OpenFileManager:313 - Change cursor
2022-11-21 16:54:47,030 [INFO] Context:592 - Trying to add GPIOservice into a context  which must be forbidden
2022-11-21 16:54:47,318 [INFO] ImportTextPane:167 - (OptionalMessage_ERROR) Unable to find key (Mcu.ThirdPartyNb) in loaded IOC file
2022-11-21 16:54:47,318 [INFO] ImportTextPane:167 - (OptionalMessage_ERROR) Unable to find key (Mcu.PinsNb) in loaded IOC file
2022-11-21 16:54:47,318 [INFO] ImportTextPane:167 - (OptionalMessage_ERROR) Unable to find key (Mcu.IPNb) in loaded IOC file
2022-11-21 16:54:47,424 [WARN] ApiManager:304 - Cannot register API 'Board Extension:GNSS1A1' from pack STMicroelectronics.X-CUBE-GNSS1.6.0.0: no header file found
2022-11-21 16:54:47,424 [WARN] ApiManager:304 - Cannot register API 'Board Support:Custom' from pack STMicroelectronics.X-CUBE-GNSS1.6.0.0: no header file found
2022-11-21 16:54:47,424 [WARN] ApiManager:304 - Cannot register API 'Data Exchange:lib_gnss' from pack STMicroelectronics.X-CUBE-GNSS1.6.0.0: no header file found
2022-11-21 16:54:47,457 [WARN] ApiManager:304 - Cannot register API 'Wireless:BlueNRG-MS' from pack STMicroelectronics.X-CUBE-BLE1.6.2.3: no header file found
2022-11-21 16:54:47,457 [INFO] RtosManager:484 - Registered RTOS mode: class=CMSIS, group=RTOS, mode=CMSIS_V1, owner=FREERTOS
2022-11-21 16:54:47,457 [INFO] RtosManager:484 - Registered RTOS mode: class=CMSIS, group=RTOS2, mode=CMSIS_V2, owner=FREERTOS
2022-11-21 16:54:47,457 [INFO] RtosManager:484 - Registered RTOS mode: class=RTOS, group=Core, mode=CMSIS_V1, owner=FREERTOS
2022-11-21 16:54:47,457 [INFO] RtosManager:484 - Registered RTOS mode: class=RTOS, group=Core, mode=CMSIS_V2, owner=FREERTOS
2022-11-21 16:54:47,457 [WARN] ModelIntegratedComponent:181 - Missing modes for component STMicroelectronics:FreeRTOS:0.0.1:STMicroelectronics:RTOS:FreeRTOS:Core:::10.2.0:
2022-11-21 16:54:47,473 [WARN] ApiManager:304 - Cannot register API 'Board Extension:S2868A1' from pack STMicroelectronics.X-CUBE-SUBG2.5.0.0: no header file found
2022-11-21 16:54:47,473 [WARN] ApiManager:304 - Cannot register API 'Board Extension:S2868A2' from pack STMicroelectronics.X-CUBE-SUBG2.5.0.0: no header file found
2022-11-21 16:54:47,473 [WARN] ApiManager:304 - Cannot register API 'Board Extension:S2915A1' from pack STMicroelectronics.X-CUBE-SUBG2.5.0.0: no header file found
2022-11-21 16:54:47,473 [WARN] ApiManager:304 - Cannot register API 'Board Extension:NFC04A1' from pack STMicroelectronics.X-CUBE-NFC4.2.0.5: no header file found
2022-11-21 16:54:47,473 [WARN] ApiManager:304 - Cannot register API 'Board Extension:NFC04A1' from pack STMicroelectronics.X-CUBE-NFC4.2.0.4: no header file found
2022-11-21 16:54:47,491 [WARN] ModelIntegratedComponent:60 - No mode defined for component null
2022-11-21 16:54:47,491 [WARN] ModelIntegratedComponent:60 - No mode defined for component null
2022-11-21 16:54:47,491 [WARN] ModelIntegratedComponent:60 - No mode defined for component null
2022-11-21 16:54:47,491 [WARN] ModelIntegratedComponent:60 - No mode defined for component null
2022-11-21 16:54:47,491 [WARN] ModelIntegratedComponent:60 - No mode defined for component null
2022-11-21 16:54:47,491 [WARN] ModelIntegratedComponent:60 - No mode defined for component null
2022-11-21 16:54:47,491 [WARN] ModelIntegratedComponent:60 - No mode defined for component null
2022-11-21 16:54:47,491 [WARN] ModelIntegratedComponent:60 - No mode defined for component null
2022-11-21 16:54:47,491 [WARN] ModelIntegratedComponent:60 - No mode defined for component null
2022-11-21 16:54:47,491 [WARN] ModelIntegratedComponent:60 - No mode defined for component null
2022-11-21 16:54:47,491 [WARN] ModelIntegratedComponent:60 - No mode defined for component null
2022-11-21 16:54:47,491 [WARN] ModelIntegratedComponent:60 - No mode defined for component null
2022-11-21 16:54:47,491 [WARN] ModelIntegratedComponent:60 - No mode defined for component null
2022-11-21 16:54:47,491 [WARN] ModelIntegratedComponent:60 - No mode defined for component null
2022-11-21 16:54:47,491 [WARN] ModelIntegratedComponent:60 - No mode defined for component null
2022-11-21 16:54:47,491 [WARN] ModelIntegratedComponent:60 - No mode defined for component null
2022-11-21 16:54:47,491 [WARN] ModelIntegratedComponent:60 - No mode defined for component null
2022-11-21 16:54:47,491 [WARN] ModelIntegratedComponent:60 - No mode defined for component null
2022-11-21 16:54:47,491 [WARN] ModelIntegratedComponent:60 - No mode defined for component null
2022-11-21 16:54:47,491 [WARN] ModelIntegratedComponent:60 - No mode defined for component null
2022-11-21 16:54:47,491 [WARN] ModelIntegratedComponent:60 - No mode defined for component null
2022-11-21 16:54:47,491 [WARN] ModelIntegratedComponent:60 - No mode defined for component null
2022-11-21 16:54:47,491 [WARN] ModelIntegratedComponent:60 - No mode defined for component null
2022-11-21 16:54:47,491 [WARN] ModelIntegratedComponent:60 - No mode defined for component null
2022-11-21 16:54:47,491 [WARN] ModelIntegratedComponent:60 - No mode defined for component null
2022-11-21 16:54:47,491 [WARN] ModelIntegratedComponent:60 - No mode defined for component null
2022-11-21 16:54:47,491 [WARN] ModelIntegratedComponent:60 - No mode defined for component null
2022-11-21 16:54:47,491 [WARN] ModelIntegratedComponent:60 - No mode defined for component null
2022-11-21 16:54:47,491 [WARN] ModelIntegratedComponent:60 - No mode defined for component null
2022-11-21 16:54:47,491 [WARN] ModelIntegratedComponent:60 - No mode defined for component null
2022-11-21 16:54:47,491 [WARN] ModelIntegratedComponent:60 - No mode defined for component null
2022-11-21 16:54:47,507 [WARN] ApiManager:304 - Cannot register API 'Board Extension:NFC07A1' from pack STMicroelectronics.X-CUBE-NFC7.1.0.0: no header file found
2022-11-21 16:54:47,761 [WARN] ApiManager:304 - Cannot register API 'Board Extension:IKS01A3' from pack STMicroelectronics.X-CUBE-MEMS1.9.3.0: no header file found
2022-11-21 16:54:47,761 [WARN] ApiManager:304 - Cannot register API 'Board Extension:IKS01A2' from pack STMicroelectronics.X-CUBE-MEMS1.9.3.0: no header file found
2022-11-21 16:54:47,761 [WARN] ApiManager:304 - Cannot register API 'Board Extension:IKS02A1' from pack STMicroelectronics.X-CUBE-MEMS1.9.3.0: no header file found
2022-11-21 16:54:47,761 [WARN] ApiManager:304 - Cannot register API 'Board Extension:EEPRMA1' from pack STMicroelectronics.X-CUBE-EEPRMA1.3.1.1: no header file found
2022-11-21 16:54:47,761 [WARN] ApiManager:304 - Cannot register API 'Board Extension:EEPRMA2' from pack STMicroelectronics.X-CUBE-EEPRMA1.3.1.1: no header file found
2022-11-21 16:54:47,776 [WARN] ApiManager:304 - Cannot register API 'Board Extension:S2868A1' from pack STMicroelectronics.X-CUBE-SFXS2LP1.4.0.0: no header file found
2022-11-21 16:54:47,776 [WARN] ApiManager:304 - Cannot register API 'Board Extension:S2868A2' from pack STMicroelectronics.X-CUBE-SFXS2LP1.4.0.0: no header file found
2022-11-21 16:54:47,776 [WARN] ApiManager:304 - Cannot register API 'Board Extension:S2915A1' from pack STMicroelectronics.X-CUBE-SFXS2LP1.4.0.0: no header file found
2022-11-21 16:54:47,776 [WARN] ApiManager:304 - Cannot register API 'Wireless:BlueNRG-2' from pack STMicroelectronics.X-CUBE-BLE2.3.3.0: no header file found
2022-11-21 16:54:50,365 [INFO] UtilMem:74 - End LoadConfig() Used Memory: 502854488 Bytes (635437056)
2022-11-21 16:54:50,375 [WARN] ThirdParty:779 - waiting for thirdparty lock release [change project]
2022-11-21 16:54:50,375 [INFO] ThirdParty:781 - entering critical section [change project]
2022-11-21 16:54:50,375 [INFO] ThirdParty:967 - CMSIS Pack Vendor :STMicroelectronics X-CUBE-ISPU 1.1.0
2022-11-21 16:54:50,375 [INFO] ThirdParty:967 - CMSIS Pack Vendor :RoweBots I-CUBE-UNISONRTOS 5.5.0-4
2022-11-21 16:54:50,375 [INFO] ThirdParty:967 - CMSIS Pack Vendor :STMicroelectronics X-CUBE-GNSS1 6.0.0
2022-11-21 16:54:50,375 [INFO] ThirdParty:967 - CMSIS Pack Vendor :STMicroelectronics X-CUBE-AZRTOS-H7 2.1.0
2022-11-21 16:54:50,375 [INFO] ThirdParty:967 - CMSIS Pack Vendor :STMicroelectronics USB_HOST 2.0.0
2022-11-21 16:54:50,375 [INFO] ThirdParty:967 - CMSIS Pack Vendor :STMicroelectronics X-CUBE-AZRTOS-F4 1.1.0
2022-11-21 16:54:50,375 [INFO] ThirdParty:967 - CMSIS Pack Vendor :STMicroelectronics USB_DEVICE 3.0.0
2022-11-21 16:54:50,375 [INFO] ThirdParty:967 - CMSIS Pack Vendor :STMicroelectronics X-CUBE-BLEMGR 1.0.0
2022-11-21 16:54:50,375 [INFO] ThirdParty:967 - CMSIS Pack Vendor :STMicroelectronics X-CUBE-BLEMGR 1.2.0
2022-11-21 16:54:50,375 [INFO] ThirdParty:967 - CMSIS Pack Vendor :STMicroelectronics X-CUBE-AZRTOS-F7 1.1.0
2022-11-21 16:54:50,375 [INFO] ThirdParty:967 - CMSIS Pack Vendor :STMicroelectronics USB_DEVICE 2.0.0
2022-11-21 16:54:50,375 [INFO] ThirdParty:967 - CMSIS Pack Vendor :STMicroelectronics X-CUBE-AI 7.3.0
2022-11-21 16:54:50,375 [INFO] ThirdParty:967 - CMSIS Pack Vendor :STMicroelectronics X-CUBE-BLE1 6.2.3
2022-11-21 16:54:50,375 [INFO] ThirdParty:967 - CMSIS Pack Vendor :STMicroelectronics X-CUBE-ALGOBUILD 1.3.0
2022-11-21 16:54:50,375 [INFO] ThirdParty:967 - CMSIS Pack Vendor :STMicroelectronics FreeRTOS 0.0.1
2022-11-21 16:54:50,375 [INFO] ThirdParty:967 - CMSIS Pack Vendor :STMicroelectronics X-CUBE-AZRTOS-G0 1.1.0
2022-11-21 16:54:50,375 [INFO] ThirdParty:967 - CMSIS Pack Vendor :STMicroelectronics X-CUBE-SUBG2 5.0.0
2022-11-21 16:54:50,375 [INFO] ThirdParty:967 - CMSIS Pack Vendor :SEGGER I-CUBE-embOS 1.2.0
2022-11-21 16:54:50,375 [INFO] ThirdParty:967 - CMSIS Pack Vendor :STMicroelectronics lwIP 2.0.3
2022-11-21 16:54:50,375 [INFO] ThirdParty:967 - CMSIS Pack Vendor :STMicroelectronics X-CUBE-NFC4 2.0.5
2022-11-21 16:54:50,375 [INFO] ThirdParty:967 - CMSIS Pack Vendor :STMicroelectronics X-CUBE-NFC4 2.0.4
2022-11-21 16:54:50,375 [INFO] ThirdParty:967 - CMSIS Pack Vendor :STMicroelectronics USB_HOST 1.0.0
2022-11-21 16:54:50,375 [INFO] ThirdParty:967 - CMSIS Pack Vendor :STMicroelectronics PDM2PCM 3.1.0
2022-11-21 16:54:50,375 [INFO] ThirdParty:967 - CMSIS Pack Vendor :STMicroelectronics FP-ATR-ASTRA1 1.1.1
2022-11-21 16:54:50,375 [INFO] ThirdParty:967 - CMSIS Pack Vendor :STMicroelectronics PDM2PCM 3.3.0
2022-11-21 16:54:50,375 [INFO] ThirdParty:967 - CMSIS Pack Vendor :STMicroelectronics X-CUBE-TOF1 3.1.0
2022-11-21 16:54:50,375 [INFO] ThirdParty:967 - CMSIS Pack Vendor :STMicroelectronics X-CUBE-AZRTOS-G4 1.0.0
2022-11-21 16:54:50,375 [INFO] ThirdParty:967 - CMSIS Pack Vendor :STMicroelectronics FP-ATR-SIGFOX1 3.2.0
2022-11-21 16:54:50,375 [INFO] ThirdParty:967 - CMSIS Pack Vendor :STMicroelectronics X-CUBE-AZRTOS-L4 1.0.0
2022-11-21 16:54:50,375 [INFO] ThirdParty:967 - CMSIS Pack Vendor :wolfSSL I-CUBE-wolfSSL 5.5.0
2022-11-21 16:54:50,375 [INFO] ThirdParty:967 - CMSIS Pack Vendor :STMicroelectronics HAL Drivers 0.0.0
2022-11-21 16:54:50,375 [INFO] ThirdParty:967 - CMSIS Pack Vendor :STMicroelectronics MBEDTLS 2.16.2
2022-11-21 16:54:50,375 [INFO] ThirdParty:967 - CMSIS Pack Vendor :emotas I-CUBE-CANOPEN 1.1.2
2022-11-21 16:54:50,375 [INFO] ThirdParty:967 - CMSIS Pack Vendor :STMicroelectronics X-CUBE-TOUCHGFX 4.20.0
2022-11-21 16:54:50,375 [INFO] ThirdParty:967 - CMSIS Pack Vendor :STMicroelectronics MBEDTLS 2.14.1
2022-11-21 16:54:50,375 [INFO] ThirdParty:967 - CMSIS Pack Vendor :STMicroelectronics X-CUBE-NFC7 1.0.0
2022-11-21 16:54:50,375 [INFO] ThirdParty:967 - CMSIS Pack Vendor :STMicroelectronics X-CUBE-AZRTOS-WL 1.0.0
2022-11-21 16:54:50,375 [INFO] ThirdParty:967 - CMSIS Pack Vendor :STMicroelectronics X-CUBE-MEMS1 9.3.0
2022-11-21 16:54:50,375 [INFO] ThirdParty:967 - CMSIS Pack Vendor :portGmbH I-Cube-SoM-uGOAL 1.1.0
2022-11-21 16:54:50,375 [INFO] ThirdParty:967 - CMSIS Pack Vendor :STMicroelectronics X-CUBE-ALS 1.0.1
2022-11-21 16:54:50,375 [INFO] ThirdParty:967 - CMSIS Pack Vendor :STMicroelectronics X-CUBE-AI 7.2.0
2022-11-21 16:54:50,375 [INFO] ThirdParty:967 - CMSIS Pack Vendor :STMicroelectronics X-CUBE-AZRTOS-L5 1.0.0
2022-11-21 16:54:50,375 [INFO] ThirdParty:967 - CMSIS Pack Vendor :STMicroelectronics USB_DEVICE 1.0.0
2022-11-21 16:54:50,375 [INFO] ThirdParty:967 - CMSIS Pack Vendor :STMicroelectronics X-CUBE-EEPRMA1 3.1.1
2022-11-21 16:54:50,375 [INFO] ThirdParty:967 - CMSIS Pack Vendor :STMicroelectronics ThreadX 0.0.2
2022-11-21 16:54:50,375 [INFO] ThirdParty:967 - CMSIS Pack Vendor :STMicroelectronics lwIP 2.1.2
2022-11-21 16:54:50,375 [INFO] ThirdParty:967 - CMSIS Pack Vendor :STMicroelectronics X-CUBE-SFXS2LP1 4.0.0
2022-11-21 16:54:50,375 [INFO] ThirdParty:967 - CMSIS Pack Vendor :STMicroelectronics X-CUBE-BLE2 3.3.0
2022-11-21 16:54:50,375 [INFO] ThirdParty:967 - CMSIS Pack Vendor :STMicroelectronics X-CUBE-DISPLAY 2.2.0
2022-11-21 16:54:50,375 [INFO] ThirdParty:967 - CMSIS Pack Vendor :STMicroelectronics X-CUBE-TOF1 3.2.0
2022-11-21 16:54:50,375 [INFO] ThirdParty:967 - CMSIS Pack Vendor :STMicroelectronics PDM2PCM 3.2.0
2022-11-21 16:54:50,375 [INFO] ThirdParty:967 - CMSIS Pack Vendor :STMicroelectronics X-CUBE-ISPU 1.0.0
2022-11-21 16:54:50,375 [INFO] ThirdParty:787 - exiting critical section [change project]
2022-11-21 16:54:50,715 [INFO] PinOutPanel:1463 - setPackage(No Configuration,No Configuration)
2022-11-21 16:54:50,715 [INFO] PinOutPanel:1463 - setPackage(STM32F103C6Ux,UFQFPN48)
2022-11-21 16:54:51,165 [INFO] UtilMem:74 - Before build in PCC Used Memory: 505131424 Bytes (635437056)
2022-11-21 16:54:52,095 [INFO] UtilMem:74 - After build in PCC Used Memory: 529902952 Bytes (635437056)
2022-11-21 16:54:52,114 [INFO] IPUIPlugin:74 - create IPUIPlugin
2022-11-21 16:54:52,114 [INFO] IPUIPlugin:74 - create IPUIPlugin
2022-11-21 16:54:52,114 [INFO] IPUIPlugin:74 - create IPUIPlugin
2022-11-21 16:54:52,114 [INFO] IPUIPlugin:74 - create IPUIPlugin
2022-11-21 16:54:52,114 [INFO] IPUIPlugin:74 - create IPUIPlugin
2022-11-21 16:54:52,114 [INFO] IPUIPlugin:74 - create IPUIPlugin
2022-11-21 16:54:52,114 [INFO] IPUIPlugin:74 - create IPUIPlugin
2022-11-21 16:54:52,114 [INFO] IPUIPlugin:74 - create IPUIPlugin
2022-11-21 16:54:52,114 [INFO] IPUIPlugin:74 - create IPUIPlugin
2022-11-21 16:54:52,114 [INFO] IPUIPlugin:74 - create IPUIPlugin
2022-11-21 16:54:52,114 [INFO] IPUIPlugin:74 - create IPUIPlugin
2022-11-21 16:54:52,114 [INFO] IPUIPlugin:74 - create IPUIPlugin
2022-11-21 16:54:52,114 [INFO] IPUIPlugin:74 - create IPUIPlugin
2022-11-21 16:54:52,114 [INFO] IPUIPlugin:74 - create IPUIPlugin
2022-11-21 16:54:52,130 [INFO] IPUIPlugin:74 - create IPUIPlugin
2022-11-21 16:54:52,130 [INFO] IPUIPlugin:74 - create IPUIPlugin
2022-11-21 16:54:52,130 [INFO] IPUIPlugin:74 - create IPUIPlugin
2022-11-21 16:54:52,130 [INFO] IPUIPlugin:74 - create IPUIPlugin
2022-11-21 16:54:52,130 [INFO] IPUIPlugin:74 - create IPUIPlugin
2022-11-21 16:54:52,130 [INFO] IPUIPlugin:74 - create IPUIPlugin
2022-11-21 16:54:52,130 [INFO] IPUIPlugin:74 - create IPUIPlugin
2022-11-21 16:54:52,130 [INFO] IPUIPlugin:74 - create IPUIPlugin
2022-11-21 16:54:52,130 [INFO] IPUIPlugin:74 - create IPUIPlugin
2022-11-21 16:54:52,312 [INFO] OpenFileManager:333 - Restore cursor
2022-11-21 16:54:52,614 [INFO] UtilMem:74 - End SaveConfig() Used Memory: 545734072 Bytes (635437056)
2022-11-21 16:54:52,670 [INFO] UtilMem:74 - End SaveConfig() Used Memory: 557673984 Bytes (635437056)
2022-11-21 16:54:53,056 [INFO] BlockDiagram:2740 - set Specific Code input for plugin: NVIC
2022-11-21 16:54:53,056 [INFO] BlockDiagram:2740 - set Specific Code input for plugin: SYS
2022-11-21 16:54:53,056 [INFO] BlockDiagram:2740 - set Specific Code input for plugin: RCC
2022-11-21 16:54:53,072 [INFO] CodeGenerator:663 - code generatio: config db path: C:\ST\STM32CubeIDE_1.7.0\STM32CubeIDE\plugins\com.st.stm32cube.common.mx_6.3.0.202107141111\\db\
2022-11-21 16:54:53,472 [INFO] CodeEngine:239 - oldGeneratedFile, E:\HK221\VXL\GIT\STM32\LAB4_WITH_UPDATE_O_N\MXTmpFiles\license.tmp_save
2022-11-21 16:54:53,905 [INFO] CodeEngine:257 - Generated code: E:\HK221\VXL\GIT\STM32\LAB4_WITH_UPDATE_O_N\MXTmpFiles\license.tmp
2022-11-21 16:54:54,036 [INFO] CodeEngine:239 - oldGeneratedFile, E:\HK221\VXL\GIT\STM32\LAB4_WITH_UPDATE_O_N\Core\Src\stm32f1xx_it.c_save
2022-11-21 16:54:54,208 [INFO] CodeEngine:257 - Generated code: E:\HK221\VXL\GIT\STM32\LAB4_WITH_UPDATE_O_N\Core\Src\stm32f1xx_it.c
2022-11-21 16:54:54,223 [INFO] CodeEngine:239 - oldGeneratedFile, E:\HK221\VXL\GIT\STM32\LAB4_WITH_UPDATE_O_N\Core\Inc\stm32f1xx_it.h_save
2022-11-21 16:54:54,315 [INFO] CodeEngine:257 - Generated code: E:\HK221\VXL\GIT\STM32\LAB4_WITH_UPDATE_O_N\Core\Inc\stm32f1xx_it.h
2022-11-21 16:54:54,326 [INFO] CodeEngine:239 - oldGeneratedFile, E:\HK221\VXL\GIT\STM32\LAB4_WITH_UPDATE_O_N\Core\Src\stm32f1xx_hal_msp.c_save
2022-11-21 16:54:54,514 [INFO] CodeEngine:257 - Generated code: E:\HK221\VXL\GIT\STM32\LAB4_WITH_UPDATE_O_N\Core\Src\stm32f1xx_hal_msp.c
2022-11-21 16:54:54,525 [INFO] CodeEngine:239 - oldGeneratedFile, E:\HK221\VXL\GIT\STM32\LAB4_WITH_UPDATE_O_N\MXTmpFiles\system.tmp_save
2022-11-21 16:54:54,618 [INFO] CodeEngine:257 - Generated code: E:\HK221\VXL\GIT\STM32\LAB4_WITH_UPDATE_O_N\MXTmpFiles\system.tmp
2022-11-21 16:54:54,628 [INFO] CodeEngine:239 - oldGeneratedFile, E:\HK221\VXL\GIT\STM32\LAB4_WITH_UPDATE_O_N\Core\Inc\stm32f1xx_hal_conf.h_save
2022-11-21 16:54:54,744 [INFO] CodeEngine:257 - Generated code: E:\HK221\VXL\GIT\STM32\LAB4_WITH_UPDATE_O_N\Core\Inc\stm32f1xx_hal_conf.h
2022-11-21 16:54:54,837 [INFO] CodeEngine:239 - oldGeneratedFile, E:\HK221\VXL\GIT\STM32\LAB4_WITH_UPDATE_O_N\Core\Inc\main.h_save
2022-11-21 16:54:54,963 [INFO] CodeEngine:257 - Generated code: E:\HK221\VXL\GIT\STM32\LAB4_WITH_UPDATE_O_N\Core\Inc\main.h
2022-11-21 16:54:54,978 [INFO] CodeEngine:239 - oldGeneratedFile, E:\HK221\VXL\GIT\STM32\LAB4_WITH_UPDATE_O_N\Core\Src\main.c_save
2022-11-21 16:54:55,137 [INFO] CodeEngine:257 - Generated code: E:\HK221\VXL\GIT\STM32\LAB4_WITH_UPDATE_O_N\Core\Src\main.c
2022-11-21 16:54:56,540 [INFO] ProjectBuilder:2578 - Time for Copy HAL[1] : 438mS.
2022-11-21 16:54:56,556 [INFO] ProjectBuilder:3622 - Project Generator version: 3.14.1
2022-11-21 16:54:57,150 [INFO] ConfigFileManager:1271 - The Die is : DIE412
2022-11-21 16:54:57,223 [INFO] ApiDbMcu:468 - Load IP Config File for FATFS
2022-11-21 16:54:57,250 [INFO] ApiDbMcu:468 - Load IP Config File for FREERTOS
2022-11-21 16:54:57,297 [INFO] ApiDbMcu:468 - Load IP Config File for USB_DEVICE
2022-11-21 16:55:05,683 [INFO] ProjectBuilder:3789 - Time for Generating toolchain IDE Files: 9127mS.
2022-11-21 16:55:05,683 [INFO] ProjectBuilder:2457 - Time for Copy CMSIS : 0mS.
2022-11-21 16:55:05,683 [INFO] ProjectBuilder:2457 - Time for Copy CMSIS : 0mS.
2022-11-21 16:55:06,379 [INFO] McuFinderGlobals:52 - Set McuFinderConnectedMode to true
2022-11-21 16:55:06,381 [INFO] ApiDb:276 - Save user favorites file C:\Users\ACER/.stm32cubeide/favorites.mcus.txt: 0 item(s)
2022-11-21 16:55:06,381 [INFO] ApiDb:280 - User favorites MCUs=[]
2022-11-21 16:59:06,366 [INFO] NvicIntPanel:96 - NVIC parent = com.st.microxplorer.plugins.ip.nvic.MultiNvicIntPanel[,0,0,0x0,invalid,layout=javax.swing.BoxLayout,alignmentX=0.0,alignmentY=0.0,border=,flags=9,maximumSize=,minimumSize=,preferredSize=]
2022-11-21 16:59:16,579 [INFO] NvicIntPanel:96 - NVIC parent = com.st.microxplorer.plugins.ip.nvic.MultiNvicIntPanel[,0,0,450x122,layout=javax.swing.BoxLayout,alignmentX=0.0,alignmentY=0.0,border=,flags=9,maximumSize=,minimumSize=,preferredSize=]
2022-11-21 16:59:18,995 [INFO] UtilMem:74 - End SaveConfig() Used Memory: 809345624 Bytes (951058432)
2022-11-21 16:59:20,605 [INFO] UtilMem:74 - End SaveConfig() Used Memory: 830586088 Bytes (951058432)
2022-11-21 16:59:24,201 [INFO] UtilMem:74 - End SaveConfig() Used Memory: 636598064 Bytes (951058432)
2022-11-21 16:59:24,571 [INFO] BlockDiagram:2740 - set Specific Code input for plugin: NVIC
2022-11-21 16:59:24,571 [INFO] BlockDiagram:2740 - set Specific Code input for plugin: SYS
2022-11-21 16:59:24,571 [INFO] BlockDiagram:2740 - set Specific Code input for plugin: GPIO
2022-11-21 16:59:24,571 [INFO] BlockDiagram:2740 - set Specific Code input for plugin: RCC
2022-11-21 16:59:24,571 [INFO] BlockDiagram:2740 - set Specific Code input for plugin: TIM1_8F1
2022-11-21 16:59:24,584 [INFO] CodeGenerator:663 - code generatio: config db path: C:\ST\STM32CubeIDE_1.7.0\STM32CubeIDE\plugins\com.st.stm32cube.common.mx_6.3.0.202107141111\\db\
2022-11-21 16:59:24,983 [INFO] CodeEngine:239 - oldGeneratedFile, E:\HK221\VXL\GIT\STM32\LAB4_WITH_UPDATE_O_N\MXTmpFiles\license.tmp_save
2022-11-21 16:59:25,065 [INFO] CodeEngine:257 - Generated code: E:\HK221\VXL\GIT\STM32\LAB4_WITH_UPDATE_O_N\MXTmpFiles\license.tmp
2022-11-21 16:59:25,167 [INFO] CodeEngine:239 - oldGeneratedFile, E:\HK221\VXL\GIT\STM32\LAB4_WITH_UPDATE_O_N\MXTmpFiles\gpio.tmp_save
2022-11-21 16:59:25,267 [INFO] CodeEngine:257 - Generated code: E:\HK221\VXL\GIT\STM32\LAB4_WITH_UPDATE_O_N\MXTmpFiles\gpio.tmp
2022-11-21 16:59:25,463 [INFO] CodeEngine:239 - oldGeneratedFile, E:\HK221\VXL\GIT\STM32\LAB4_WITH_UPDATE_O_N\Core\Src\stm32f1xx_it.c_save
2022-11-21 16:59:25,656 [INFO] CodeEngine:257 - Generated code: E:\HK221\VXL\GIT\STM32\LAB4_WITH_UPDATE_O_N\Core\Src\stm32f1xx_it.c
2022-11-21 16:59:25,670 [INFO] CodeEngine:239 - oldGeneratedFile, E:\HK221\VXL\GIT\STM32\LAB4_WITH_UPDATE_O_N\Core\Inc\stm32f1xx_it.h_save
2022-11-21 16:59:25,767 [INFO] CodeEngine:257 - Generated code: E:\HK221\VXL\GIT\STM32\LAB4_WITH_UPDATE_O_N\Core\Inc\stm32f1xx_it.h
2022-11-21 16:59:25,799 [INFO] CodeEngine:239 - oldGeneratedFile, E:\HK221\VXL\GIT\STM32\LAB4_WITH_UPDATE_O_N\Core\Src\stm32f1xx_hal_msp.c_save
2022-11-21 16:59:25,934 [INFO] CodeEngine:257 - Generated code: E:\HK221\VXL\GIT\STM32\LAB4_WITH_UPDATE_O_N\Core\Src\stm32f1xx_hal_msp.c
2022-11-21 16:59:25,939 [INFO] CodeEngine:239 - oldGeneratedFile, E:\HK221\VXL\GIT\STM32\LAB4_WITH_UPDATE_O_N\MXTmpFiles\system.tmp_save
2022-11-21 16:59:25,986 [INFO] CodeEngine:257 - Generated code: E:\HK221\VXL\GIT\STM32\LAB4_WITH_UPDATE_O_N\MXTmpFiles\system.tmp
2022-11-21 16:59:26,009 [INFO] CodeEngine:239 - oldGeneratedFile, E:\HK221\VXL\GIT\STM32\LAB4_WITH_UPDATE_O_N\Core\Inc\stm32f1xx_hal_conf.h_save
2022-11-21 16:59:26,127 [INFO] CodeEngine:257 - Generated code: E:\HK221\VXL\GIT\STM32\LAB4_WITH_UPDATE_O_N\Core\Inc\stm32f1xx_hal_conf.h
2022-11-21 16:59:26,129 [WARN] IPConfigManager:3148 - IP not found : TIM
2022-11-21 16:59:26,129 [WARN] CodeGenerator:3268 - IP not found : null
2022-11-21 16:59:26,159 [INFO] CodeEngine:239 - oldGeneratedFile, E:\HK221\VXL\GIT\STM32\LAB4_WITH_UPDATE_O_N\Core\Inc\main.h_save
2022-11-21 16:59:26,230 [INFO] CodeEngine:257 - Generated code: E:\HK221\VXL\GIT\STM32\LAB4_WITH_UPDATE_O_N\Core\Inc\main.h
2022-11-21 16:59:26,252 [INFO] CodeEngine:239 - oldGeneratedFile, E:\HK221\VXL\GIT\STM32\LAB4_WITH_UPDATE_O_N\Core\Src\main.c_save
2022-11-21 16:59:26,438 [INFO] CodeEngine:257 - Generated code: E:\HK221\VXL\GIT\STM32\LAB4_WITH_UPDATE_O_N\Core\Src\main.c
2022-11-21 16:59:27,521 [INFO] ProjectBuilder:2578 - Time for Copy HAL[1] : 262mS.
2022-11-21 16:59:27,521 [INFO] ProjectBuilder:3622 - Project Generator version: 3.14.1
2022-11-21 16:59:28,048 [INFO] ConfigFileManager:1271 - The Die is : DIE412
2022-11-21 16:59:30,368 [INFO] ProjectBuilder:3789 - Time for Generating toolchain IDE Files: 2847mS.
2022-11-21 16:59:30,368 [INFO] ProjectBuilder:2457 - Time for Copy CMSIS : 0mS.
2022-11-21 16:59:30,370 [INFO] ProjectBuilder:2457 - Time for Copy CMSIS : 0mS.
2022-11-21 17:04:19,313 [INFO] MainUpdater:2671 - connection check result : 10
2022-11-21 17:04:19,424 [INFO] McuFinderGlobals:52 - Set McuFinderConnectedMode to false
2022-11-21 17:04:19,470 [INFO] CrossSelectorPresenter:1330 - Cross Selector saved comparison directory: C:\Users\ACER\.stmcufinder\plugins\mcufinder\mcu\cs_comparisons_mx
2022-11-21 17:04:19,470 [INFO] MultiScanPanel:197 - Auto-refresh data requested => check proxy status ongoing
2022-11-21 17:04:19,470 [INFO] MultiScanPanel:201 - Proxy status is invalid
2022-11-21 17:04:19,470 [INFO] FinderPluginLoader:87 - Searching for filters in installed packs
2022-11-21 17:04:19,792 [INFO] DetailPanel:309 - Set advertising image to C:/Users/ACER/STM32Cube/Repository/\en.Prom_NBSTM32U50921.jpg
2022-11-21 17:05:01,249 [INFO] MainUpdater:2671 - connection check result : 10
2022-11-21 17:05:01,249 [INFO] MainUpdater:2671 - connection check result : 10
2022-11-21 17:05:01,299 [INFO] MicroXplorer:448 - Change Database Path : 
2022-11-21 17:05:01,299 [INFO] MicroXplorer:478 - Change Database Version : DB.6.0.30
2022-11-21 17:05:01,299 [WARN] ThirdParty:813 - waiting for thirdparty lock release [close project]
2022-11-21 17:05:01,299 [INFO] ThirdParty:815 - entering critical section [close project]
2022-11-21 17:05:01,299 [INFO] ThirdParty:825 - exiting critical section [close project]
2022-11-21 17:05:01,299 [INFO] PinOutPanel:1463 - setPackage(No Configuration,No Configuration)
2022-11-21 17:05:01,313 [INFO] UtilMem:74 - Begin LoadConfig() Used Memory: 845119808 Bytes (1013972992)
2022-11-21 17:05:01,314 [INFO] MicroXplorer:448 - Change Database Path : 
2022-11-21 17:05:01,314 [INFO] MicroXplorer:478 - Change Database Version : DB.6.0.30
2022-11-21 17:05:01,314 [INFO] OpenFileManager:313 - Change cursor
2022-11-21 17:05:01,331 [INFO] RulesReader:57 - Compatibility file has been processed (242 Rules)
2022-11-21 17:05:01,959 [INFO] Context:592 - Trying to add GPIOservice into a context  which must be forbidden
2022-11-21 17:05:02,120 [INFO] ImportTextPane:167 - (OptionalMessage_ERROR) Unable to find key (Mcu.ThirdPartyNb) in loaded IOC file
2022-11-21 17:05:02,120 [INFO] ImportTextPane:167 - (OptionalMessage_ERROR) Unable to find key (Mcu.PinsNb) in loaded IOC file
2022-11-21 17:05:02,120 [INFO] ImportTextPane:167 - (OptionalMessage_ERROR) Unable to find key (Mcu.IPNb) in loaded IOC file
2022-11-21 17:05:02,136 [WARN] ApiManager:304 - Cannot register API 'Board Extension:GNSS1A1' from pack STMicroelectronics.X-CUBE-GNSS1.6.0.0: no header file found
2022-11-21 17:05:02,136 [WARN] ApiManager:304 - Cannot register API 'Board Support:Custom' from pack STMicroelectronics.X-CUBE-GNSS1.6.0.0: no header file found
2022-11-21 17:05:02,136 [WARN] ApiManager:304 - Cannot register API 'Data Exchange:lib_gnss' from pack STMicroelectronics.X-CUBE-GNSS1.6.0.0: no header file found
2022-11-21 17:05:02,136 [WARN] ApiManager:304 - Cannot register API 'Wireless:BlueNRG-MS' from pack STMicroelectronics.X-CUBE-BLE1.6.2.3: no header file found
2022-11-21 17:05:02,136 [INFO] RtosManager:484 - Registered RTOS mode: class=CMSIS, group=RTOS, mode=CMSIS_V1, owner=FREERTOS
2022-11-21 17:05:02,136 [INFO] RtosManager:484 - Registered RTOS mode: class=CMSIS, group=RTOS2, mode=CMSIS_V2, owner=FREERTOS
2022-11-21 17:05:02,136 [INFO] RtosManager:484 - Registered RTOS mode: class=RTOS, group=Core, mode=CMSIS_V1, owner=FREERTOS
2022-11-21 17:05:02,136 [INFO] RtosManager:484 - Registered RTOS mode: class=RTOS, group=Core, mode=CMSIS_V2, owner=FREERTOS
2022-11-21 17:05:02,136 [WARN] ModelIntegratedComponent:181 - Missing modes for component STMicroelectronics:FreeRTOS:0.0.1:STMicroelectronics:RTOS:FreeRTOS:Core:::10.2.0:
2022-11-21 17:05:02,152 [WARN] ApiManager:304 - Cannot register API 'Board Extension:S2868A1' from pack STMicroelectronics.X-CUBE-SUBG2.5.0.0: no header file found
2022-11-21 17:05:02,152 [WARN] ApiManager:304 - Cannot register API 'Board Extension:S2868A2' from pack STMicroelectronics.X-CUBE-SUBG2.5.0.0: no header file found
2022-11-21 17:05:02,152 [WARN] ApiManager:304 - Cannot register API 'Board Extension:S2915A1' from pack STMicroelectronics.X-CUBE-SUBG2.5.0.0: no header file found
2022-11-21 17:05:02,152 [WARN] ApiManager:304 - Cannot register API 'Board Extension:NFC04A1' from pack STMicroelectronics.X-CUBE-NFC4.2.0.5: no header file found
2022-11-21 17:05:02,152 [WARN] ApiManager:304 - Cannot register API 'Board Extension:NFC04A1' from pack STMicroelectronics.X-CUBE-NFC4.2.0.4: no header file found
2022-11-21 17:05:02,152 [WARN] ModelIntegratedComponent:60 - No mode defined for component null
2022-11-21 17:05:02,152 [WARN] ModelIntegratedComponent:60 - No mode defined for component null
2022-11-21 17:05:02,152 [WARN] ModelIntegratedComponent:60 - No mode defined for component null
2022-11-21 17:05:02,152 [WARN] ModelIntegratedComponent:60 - No mode defined for component null
2022-11-21 17:05:02,152 [WARN] ModelIntegratedComponent:60 - No mode defined for component null
2022-11-21 17:05:02,152 [WARN] ModelIntegratedComponent:60 - No mode defined for component null
2022-11-21 17:05:02,152 [WARN] ModelIntegratedComponent:60 - No mode defined for component null
2022-11-21 17:05:02,152 [WARN] ModelIntegratedComponent:60 - No mode defined for component null
2022-11-21 17:05:02,152 [WARN] ModelIntegratedComponent:60 - No mode defined for component null
2022-11-21 17:05:02,152 [WARN] ModelIntegratedComponent:60 - No mode defined for component null
2022-11-21 17:05:02,152 [WARN] ModelIntegratedComponent:60 - No mode defined for component null
2022-11-21 17:05:02,152 [WARN] ModelIntegratedComponent:60 - No mode defined for component null
2022-11-21 17:05:02,152 [WARN] ModelIntegratedComponent:60 - No mode defined for component null
2022-11-21 17:05:02,152 [WARN] ModelIntegratedComponent:60 - No mode defined for component null
2022-11-21 17:05:02,152 [WARN] ModelIntegratedComponent:60 - No mode defined for component null
2022-11-21 17:05:02,152 [WARN] ModelIntegratedComponent:60 - No mode defined for component null
2022-11-21 17:05:02,152 [WARN] ModelIntegratedComponent:60 - No mode defined for component null
2022-11-21 17:05:02,152 [WARN] ModelIntegratedComponent:60 - No mode defined for component null
2022-11-21 17:05:02,152 [WARN] ModelIntegratedComponent:60 - No mode defined for component null
2022-11-21 17:05:02,152 [WARN] ModelIntegratedComponent:60 - No mode defined for component null
2022-11-21 17:05:02,152 [WARN] ModelIntegratedComponent:60 - No mode defined for component null
2022-11-21 17:05:02,152 [WARN] ModelIntegratedComponent:60 - No mode defined for component null
2022-11-21 17:05:02,152 [WARN] ModelIntegratedComponent:60 - No mode defined for component null
2022-11-21 17:05:02,152 [WARN] ModelIntegratedComponent:60 - No mode defined for component null
2022-11-21 17:05:02,152 [WARN] ModelIntegratedComponent:60 - No mode defined for component null
2022-11-21 17:05:02,152 [WARN] ModelIntegratedComponent:60 - No mode defined for component null
2022-11-21 17:05:02,152 [WARN] ModelIntegratedComponent:60 - No mode defined for component null
2022-11-21 17:05:02,152 [WARN] ModelIntegratedComponent:60 - No mode defined for component null
2022-11-21 17:05:02,152 [WARN] ModelIntegratedComponent:60 - No mode defined for component null
2022-11-21 17:05:02,152 [WARN] ModelIntegratedComponent:60 - No mode defined for component null
2022-11-21 17:05:02,152 [WARN] ModelIntegratedComponent:60 - No mode defined for component null
2022-11-21 17:05:02,168 [WARN] ApiManager:304 - Cannot register API 'Board Extension:NFC07A1' from pack STMicroelectronics.X-CUBE-NFC7.1.0.0: no header file found
2022-11-21 17:05:02,325 [WARN] ApiManager:304 - Cannot register API 'Board Extension:IKS01A3' from pack STMicroelectronics.X-CUBE-MEMS1.9.3.0: no header file found
2022-11-21 17:05:02,325 [WARN] ApiManager:304 - Cannot register API 'Board Extension:IKS01A2' from pack STMicroelectronics.X-CUBE-MEMS1.9.3.0: no header file found
2022-11-21 17:05:02,325 [WARN] ApiManager:304 - Cannot register API 'Board Extension:IKS02A1' from pack STMicroelectronics.X-CUBE-MEMS1.9.3.0: no header file found
2022-11-21 17:05:02,325 [WARN] ApiManager:304 - Cannot register API 'Board Extension:EEPRMA1' from pack STMicroelectronics.X-CUBE-EEPRMA1.3.1.1: no header file found
2022-11-21 17:05:02,340 [WARN] ApiManager:304 - Cannot register API 'Board Extension:EEPRMA2' from pack STMicroelectronics.X-CUBE-EEPRMA1.3.1.1: no header file found
2022-11-21 17:05:02,340 [WARN] ApiManager:304 - Cannot register API 'Board Extension:S2868A1' from pack STMicroelectronics.X-CUBE-SFXS2LP1.4.0.0: no header file found
2022-11-21 17:05:02,340 [WARN] ApiManager:304 - Cannot register API 'Board Extension:S2868A2' from pack STMicroelectronics.X-CUBE-SFXS2LP1.4.0.0: no header file found
2022-11-21 17:05:02,340 [WARN] ApiManager:304 - Cannot register API 'Board Extension:S2915A1' from pack STMicroelectronics.X-CUBE-SFXS2LP1.4.0.0: no header file found
2022-11-21 17:05:02,340 [WARN] ApiManager:304 - Cannot register API 'Wireless:BlueNRG-2' from pack STMicroelectronics.X-CUBE-BLE2.3.3.0: no header file found
2022-11-21 17:05:04,124 [INFO] UtilMem:74 - End LoadConfig() Used Memory: 687439872 Bytes (1013972992)
2022-11-21 17:05:04,124 [WARN] ThirdParty:779 - waiting for thirdparty lock release [change project]
2022-11-21 17:05:04,124 [INFO] ThirdParty:781 - entering critical section [change project]
2022-11-21 17:05:04,124 [INFO] ThirdParty:967 - CMSIS Pack Vendor :STMicroelectronics X-CUBE-ISPU 1.1.0
2022-11-21 17:05:04,124 [INFO] ThirdParty:967 - CMSIS Pack Vendor :RoweBots I-CUBE-UNISONRTOS 5.5.0-4
2022-11-21 17:05:04,124 [INFO] ThirdParty:967 - CMSIS Pack Vendor :STMicroelectronics X-CUBE-GNSS1 6.0.0
2022-11-21 17:05:04,124 [INFO] ThirdParty:967 - CMSIS Pack Vendor :STMicroelectronics X-CUBE-AZRTOS-H7 2.1.0
2022-11-21 17:05:04,124 [INFO] ThirdParty:967 - CMSIS Pack Vendor :STMicroelectronics USB_HOST 2.0.0
2022-11-21 17:05:04,124 [INFO] ThirdParty:967 - CMSIS Pack Vendor :STMicroelectronics X-CUBE-AZRTOS-F4 1.1.0
2022-11-21 17:05:04,124 [INFO] ThirdParty:967 - CMSIS Pack Vendor :STMicroelectronics USB_DEVICE 3.0.0
2022-11-21 17:05:04,124 [INFO] ThirdParty:967 - CMSIS Pack Vendor :STMicroelectronics X-CUBE-BLEMGR 1.0.0
2022-11-21 17:05:04,124 [INFO] ThirdParty:967 - CMSIS Pack Vendor :STMicroelectronics X-CUBE-BLEMGR 1.2.0
2022-11-21 17:05:04,124 [INFO] ThirdParty:967 - CMSIS Pack Vendor :STMicroelectronics X-CUBE-AZRTOS-F7 1.1.0
2022-11-21 17:05:04,124 [INFO] ThirdParty:967 - CMSIS Pack Vendor :STMicroelectronics USB_DEVICE 2.0.0
2022-11-21 17:05:04,124 [INFO] ThirdParty:967 - CMSIS Pack Vendor :STMicroelectronics X-CUBE-AI 7.3.0
2022-11-21 17:05:04,124 [INFO] ThirdParty:967 - CMSIS Pack Vendor :STMicroelectronics X-CUBE-BLE1 6.2.3
2022-11-21 17:05:04,124 [INFO] ThirdParty:967 - CMSIS Pack Vendor :STMicroelectronics X-CUBE-ALGOBUILD 1.3.0
2022-11-21 17:05:04,124 [INFO] ThirdParty:967 - CMSIS Pack Vendor :STMicroelectronics FreeRTOS 0.0.1
2022-11-21 17:05:04,124 [INFO] ThirdParty:967 - CMSIS Pack Vendor :STMicroelectronics X-CUBE-AZRTOS-G0 1.1.0
2022-11-21 17:05:04,124 [INFO] ThirdParty:967 - CMSIS Pack Vendor :STMicroelectronics X-CUBE-SUBG2 5.0.0
2022-11-21 17:05:04,124 [INFO] ThirdParty:967 - CMSIS Pack Vendor :SEGGER I-CUBE-embOS 1.2.0
2022-11-21 17:05:04,124 [INFO] ThirdParty:967 - CMSIS Pack Vendor :STMicroelectronics lwIP 2.0.3
2022-11-21 17:05:04,124 [INFO] ThirdParty:967 - CMSIS Pack Vendor :STMicroelectronics X-CUBE-NFC4 2.0.5
2022-11-21 17:05:04,124 [INFO] ThirdParty:967 - CMSIS Pack Vendor :STMicroelectronics X-CUBE-NFC4 2.0.4
2022-11-21 17:05:04,124 [INFO] ThirdParty:967 - CMSIS Pack Vendor :STMicroelectronics USB_HOST 1.0.0
2022-11-21 17:05:04,124 [INFO] ThirdParty:967 - CMSIS Pack Vendor :STMicroelectronics PDM2PCM 3.1.0
2022-11-21 17:05:04,124 [INFO] ThirdParty:967 - CMSIS Pack Vendor :STMicroelectronics FP-ATR-ASTRA1 1.1.1
2022-11-21 17:05:04,124 [INFO] ThirdParty:967 - CMSIS Pack Vendor :STMicroelectronics PDM2PCM 3.3.0
2022-11-21 17:05:04,124 [INFO] ThirdParty:967 - CMSIS Pack Vendor :STMicroelectronics X-CUBE-TOF1 3.1.0
2022-11-21 17:05:04,124 [INFO] ThirdParty:967 - CMSIS Pack Vendor :STMicroelectronics X-CUBE-AZRTOS-G4 1.0.0
2022-11-21 17:05:04,124 [INFO] ThirdParty:967 - CMSIS Pack Vendor :STMicroelectronics FP-ATR-SIGFOX1 3.2.0
2022-11-21 17:05:04,124 [INFO] ThirdParty:967 - CMSIS Pack Vendor :STMicroelectronics X-CUBE-AZRTOS-L4 1.0.0
2022-11-21 17:05:04,124 [INFO] ThirdParty:967 - CMSIS Pack Vendor :wolfSSL I-CUBE-wolfSSL 5.5.0
2022-11-21 17:05:04,124 [INFO] ThirdParty:967 - CMSIS Pack Vendor :STMicroelectronics HAL Drivers 0.0.0
2022-11-21 17:05:04,124 [INFO] ThirdParty:967 - CMSIS Pack Vendor :STMicroelectronics MBEDTLS 2.16.2
2022-11-21 17:05:04,124 [INFO] ThirdParty:967 - CMSIS Pack Vendor :emotas I-CUBE-CANOPEN 1.1.2
2022-11-21 17:05:04,124 [INFO] ThirdParty:967 - CMSIS Pack Vendor :STMicroelectronics X-CUBE-TOUCHGFX 4.20.0
2022-11-21 17:05:04,124 [INFO] ThirdParty:967 - CMSIS Pack Vendor :STMicroelectronics MBEDTLS 2.14.1
2022-11-21 17:05:04,124 [INFO] ThirdParty:967 - CMSIS Pack Vendor :STMicroelectronics X-CUBE-NFC7 1.0.0
2022-11-21 17:05:04,124 [INFO] ThirdParty:967 - CMSIS Pack Vendor :STMicroelectronics X-CUBE-AZRTOS-WL 1.0.0
2022-11-21 17:05:04,124 [INFO] ThirdParty:967 - CMSIS Pack Vendor :STMicroelectronics X-CUBE-MEMS1 9.3.0
2022-11-21 17:05:04,124 [INFO] ThirdParty:967 - CMSIS Pack Vendor :portGmbH I-Cube-SoM-uGOAL 1.1.0
2022-11-21 17:05:04,124 [INFO] ThirdParty:967 - CMSIS Pack Vendor :STMicroelectronics X-CUBE-ALS 1.0.1
2022-11-21 17:05:04,124 [INFO] ThirdParty:967 - CMSIS Pack Vendor :STMicroelectronics X-CUBE-AI 7.2.0
2022-11-21 17:05:04,124 [INFO] ThirdParty:967 - CMSIS Pack Vendor :STMicroelectronics X-CUBE-AZRTOS-L5 1.0.0
2022-11-21 17:05:04,124 [INFO] ThirdParty:967 - CMSIS Pack Vendor :STMicroelectronics USB_DEVICE 1.0.0
2022-11-21 17:05:04,124 [INFO] ThirdParty:967 - CMSIS Pack Vendor :STMicroelectronics X-CUBE-EEPRMA1 3.1.1
2022-11-21 17:05:04,124 [INFO] ThirdParty:967 - CMSIS Pack Vendor :STMicroelectronics ThreadX 0.0.2
2022-11-21 17:05:04,124 [INFO] ThirdParty:967 - CMSIS Pack Vendor :STMicroelectronics lwIP 2.1.2
2022-11-21 17:05:04,124 [INFO] ThirdParty:967 - CMSIS Pack Vendor :STMicroelectronics X-CUBE-SFXS2LP1 4.0.0
2022-11-21 17:05:04,124 [INFO] ThirdParty:967 - CMSIS Pack Vendor :STMicroelectronics X-CUBE-BLE2 3.3.0
2022-11-21 17:05:04,124 [INFO] ThirdParty:967 - CMSIS Pack Vendor :STMicroelectronics X-CUBE-DISPLAY 2.2.0
2022-11-21 17:05:04,124 [INFO] ThirdParty:967 - CMSIS Pack Vendor :STMicroelectronics X-CUBE-TOF1 3.2.0
2022-11-21 17:05:04,124 [INFO] ThirdParty:967 - CMSIS Pack Vendor :STMicroelectronics PDM2PCM 3.2.0
2022-11-21 17:05:04,124 [INFO] ThirdParty:967 - CMSIS Pack Vendor :STMicroelectronics X-CUBE-ISPU 1.0.0
2022-11-21 17:05:04,124 [INFO] ThirdParty:787 - exiting critical section [change project]
2022-11-21 17:05:04,217 [INFO] PinOutPanel:1463 - setPackage(No Configuration,No Configuration)
2022-11-21 17:05:04,217 [INFO] PinOutPanel:1463 - setPackage(STM32F103C6Ux,UFQFPN48)
2022-11-21 17:05:04,453 [INFO] UtilMem:74 - Before build in PCC Used Memory: 654124544 Bytes (1013972992)
2022-11-21 17:05:04,661 [INFO] UtilMem:74 - After build in PCC Used Memory: 722281984 Bytes (1013972992)
2022-11-21 17:05:04,677 [INFO] IPUIPlugin:74 - create IPUIPlugin
2022-11-21 17:05:04,677 [INFO] IPUIPlugin:74 - create IPUIPlugin
2022-11-21 17:05:04,677 [INFO] IPUIPlugin:74 - create IPUIPlugin
2022-11-21 17:05:04,677 [INFO] IPUIPlugin:74 - create IPUIPlugin
2022-11-21 17:05:04,677 [INFO] IPUIPlugin:74 - create IPUIPlugin
2022-11-21 17:05:04,677 [INFO] IPUIPlugin:74 - create IPUIPlugin
2022-11-21 17:05:04,677 [INFO] IPUIPlugin:74 - create IPUIPlugin
2022-11-21 17:05:04,677 [INFO] IPUIPlugin:74 - create IPUIPlugin
2022-11-21 17:05:04,677 [INFO] IPUIPlugin:74 - create IPUIPlugin
2022-11-21 17:05:04,677 [INFO] IPUIPlugin:74 - create IPUIPlugin
2022-11-21 17:05:04,677 [INFO] IPUIPlugin:74 - create IPUIPlugin
2022-11-21 17:05:04,677 [INFO] IPUIPlugin:74 - create IPUIPlugin
2022-11-21 17:05:04,677 [INFO] IPUIPlugin:74 - create IPUIPlugin
2022-11-21 17:05:04,677 [INFO] IPUIPlugin:74 - create IPUIPlugin
2022-11-21 17:05:04,677 [INFO] IPUIPlugin:74 - create IPUIPlugin
2022-11-21 17:05:04,677 [INFO] IPUIPlugin:74 - create IPUIPlugin
2022-11-21 17:05:04,677 [INFO] IPUIPlugin:74 - create IPUIPlugin
2022-11-21 17:05:04,677 [INFO] IPUIPlugin:74 - create IPUIPlugin
2022-11-21 17:05:04,677 [INFO] IPUIPlugin:74 - create IPUIPlugin
2022-11-21 17:05:04,677 [INFO] IPUIPlugin:74 - create IPUIPlugin
2022-11-21 17:05:04,677 [INFO] IPUIPlugin:74 - create IPUIPlugin
2022-11-21 17:05:04,692 [INFO] IPUIPlugin:74 - create IPUIPlugin
2022-11-21 17:05:04,692 [INFO] IPUIPlugin:74 - create IPUIPlugin
2022-11-21 17:05:04,692 [INFO] OpenFileManager:333 - Restore cursor
2022-11-21 17:05:04,918 [INFO] UtilMem:74 - End SaveConfig() Used Memory: 781800376 Bytes (1013972992)
2022-11-21 17:05:04,966 [INFO] UtilMem:74 - End SaveConfig() Used Memory: 795251664 Bytes (1013972992)
2022-11-21 17:05:05,233 [INFO] BlockDiagram:2740 - set Specific Code input for plugin: NVIC
2022-11-21 17:05:05,233 [INFO] BlockDiagram:2740 - set Specific Code input for plugin: SYS
2022-11-21 17:05:05,233 [INFO] BlockDiagram:2740 - set Specific Code input for plugin: RCC
2022-11-21 17:05:05,249 [INFO] CodeGenerator:663 - code generatio: config db path: C:\ST\STM32CubeIDE_1.7.0\STM32CubeIDE\plugins\com.st.stm32cube.common.mx_6.3.0.202107141111\\db\
2022-11-21 17:05:05,589 [INFO] CodeEngine:239 - oldGeneratedFile, E:\HK221\VXL\GIT\STM32\LAB4_WITH_UPDATE_O_1\MXTmpFiles\license.tmp_save
2022-11-21 17:05:05,652 [INFO] CodeEngine:257 - Generated code: E:\HK221\VXL\GIT\STM32\LAB4_WITH_UPDATE_O_1\MXTmpFiles\license.tmp
2022-11-21 17:05:05,699 [INFO] CodeEngine:239 - oldGeneratedFile, E:\HK221\VXL\GIT\STM32\LAB4_WITH_UPDATE_O_1\Core\Src\stm32f1xx_it.c_save
2022-11-21 17:05:05,770 [INFO] CodeEngine:257 - Generated code: E:\HK221\VXL\GIT\STM32\LAB4_WITH_UPDATE_O_1\Core\Src\stm32f1xx_it.c
2022-11-21 17:05:05,770 [INFO] CodeEngine:239 - oldGeneratedFile, E:\HK221\VXL\GIT\STM32\LAB4_WITH_UPDATE_O_1\Core\Inc\stm32f1xx_it.h_save
2022-11-21 17:05:05,890 [INFO] CodeEngine:257 - Generated code: E:\HK221\VXL\GIT\STM32\LAB4_WITH_UPDATE_O_1\Core\Inc\stm32f1xx_it.h
2022-11-21 17:05:05,911 [INFO] CodeEngine:239 - oldGeneratedFile, E:\HK221\VXL\GIT\STM32\LAB4_WITH_UPDATE_O_1\Core\Src\stm32f1xx_hal_msp.c_save
2022-11-21 17:05:06,034 [INFO] CodeEngine:257 - Generated code: E:\HK221\VXL\GIT\STM32\LAB4_WITH_UPDATE_O_1\Core\Src\stm32f1xx_hal_msp.c
2022-11-21 17:05:06,035 [INFO] CodeEngine:239 - oldGeneratedFile, E:\HK221\VXL\GIT\STM32\LAB4_WITH_UPDATE_O_1\MXTmpFiles\system.tmp_save
2022-11-21 17:05:06,129 [INFO] CodeEngine:257 - Generated code: E:\HK221\VXL\GIT\STM32\LAB4_WITH_UPDATE_O_1\MXTmpFiles\system.tmp
2022-11-21 17:05:06,137 [INFO] CodeEngine:239 - oldGeneratedFile, E:\HK221\VXL\GIT\STM32\LAB4_WITH_UPDATE_O_1\Core\Inc\stm32f1xx_hal_conf.h_save
2022-11-21 17:05:06,233 [INFO] CodeEngine:257 - Generated code: E:\HK221\VXL\GIT\STM32\LAB4_WITH_UPDATE_O_1\Core\Inc\stm32f1xx_hal_conf.h
2022-11-21 17:05:06,274 [INFO] CodeEngine:239 - oldGeneratedFile, E:\HK221\VXL\GIT\STM32\LAB4_WITH_UPDATE_O_1\Core\Inc\main.h_save
2022-11-21 17:05:06,337 [INFO] CodeEngine:257 - Generated code: E:\HK221\VXL\GIT\STM32\LAB4_WITH_UPDATE_O_1\Core\Inc\main.h
2022-11-21 17:05:06,338 [INFO] CodeEngine:239 - oldGeneratedFile, E:\HK221\VXL\GIT\STM32\LAB4_WITH_UPDATE_O_1\Core\Src\main.c_save
2022-11-21 17:05:06,437 [INFO] CodeEngine:257 - Generated code: E:\HK221\VXL\GIT\STM32\LAB4_WITH_UPDATE_O_1\Core\Src\main.c
2022-11-21 17:05:07,329 [INFO] ProjectBuilder:2578 - Time for Copy HAL[1] : 258mS.
2022-11-21 17:05:07,344 [INFO] ProjectBuilder:3622 - Project Generator version: 3.14.1
2022-11-21 17:05:07,829 [INFO] ConfigFileManager:1271 - The Die is : DIE412
2022-11-21 17:05:07,845 [INFO] ApiDbMcu:468 - Load IP Config File for FATFS
2022-11-21 17:05:07,876 [INFO] ApiDbMcu:468 - Load IP Config File for FREERTOS
2022-11-21 17:05:07,892 [INFO] ApiDbMcu:468 - Load IP Config File for USB_DEVICE
2022-11-21 17:05:11,965 [INFO] ProjectBuilder:3789 - Time for Generating toolchain IDE Files: 4621mS.
2022-11-21 17:05:11,965 [INFO] ProjectBuilder:2457 - Time for Copy CMSIS : 0mS.
2022-11-21 17:05:11,965 [INFO] ProjectBuilder:2457 - Time for Copy CMSIS : 0mS.
2022-11-21 17:05:12,434 [INFO] McuFinderGlobals:52 - Set McuFinderConnectedMode to true
2022-11-21 17:05:12,435 [INFO] ApiDb:276 - Save user favorites file C:\Users\ACER/.stm32cubeide/favorites.mcus.txt: 0 item(s)
2022-11-21 17:05:12,435 [INFO] ApiDb:280 - User favorites MCUs=[]
2022-11-21 17:06:02,449 [INFO] NvicIntPanel:96 - NVIC parent = com.st.microxplorer.plugins.ip.nvic.MultiNvicIntPanel[,0,0,0x0,invalid,layout=javax.swing.BoxLayout,alignmentX=0.0,alignmentY=0.0,border=,flags=9,maximumSize=,minimumSize=,preferredSize=]
2022-11-21 17:06:13,159 [INFO] NvicIntPanel:96 - NVIC parent = com.st.microxplorer.plugins.ip.nvic.MultiNvicIntPanel[,0,0,450x122,layout=javax.swing.BoxLayout,alignmentX=0.0,alignmentY=0.0,border=,flags=9,maximumSize=,minimumSize=,preferredSize=]
2022-11-21 17:06:16,006 [INFO] UtilMem:74 - End SaveConfig() Used Memory: 902591384 Bytes (1032847360)
2022-11-21 17:06:17,119 [INFO] UtilMem:74 - End SaveConfig() Used Memory: 919498744 Bytes (1032847360)
2022-11-21 17:06:19,557 [INFO] UtilMem:74 - End SaveConfig() Used Memory: 686547384 Bytes (1032847360)
2022-11-21 17:06:19,904 [INFO] BlockDiagram:2740 - set Specific Code input for plugin: NVIC
2022-11-21 17:06:19,904 [INFO] BlockDiagram:2740 - set Specific Code input for plugin: SYS
2022-11-21 17:06:19,904 [INFO] BlockDiagram:2740 - set Specific Code input for plugin: GPIO
2022-11-21 17:06:19,905 [INFO] BlockDiagram:2740 - set Specific Code input for plugin: RCC
2022-11-21 17:06:19,905 [INFO] BlockDiagram:2740 - set Specific Code input for plugin: TIM1_8F1
2022-11-21 17:06:19,906 [INFO] CodeGenerator:663 - code generatio: config db path: C:\ST\STM32CubeIDE_1.7.0\STM32CubeIDE\plugins\com.st.stm32cube.common.mx_6.3.0.202107141111\\db\
2022-11-21 17:06:20,176 [INFO] CodeEngine:239 - oldGeneratedFile, E:\HK221\VXL\GIT\STM32\LAB4_WITH_UPDATE_O_1\MXTmpFiles\license.tmp_save
2022-11-21 17:06:20,264 [INFO] CodeEngine:257 - Generated code: E:\HK221\VXL\GIT\STM32\LAB4_WITH_UPDATE_O_1\MXTmpFiles\license.tmp
2022-11-21 17:06:20,311 [INFO] CodeEngine:239 - oldGeneratedFile, E:\HK221\VXL\GIT\STM32\LAB4_WITH_UPDATE_O_1\MXTmpFiles\gpio.tmp_save
2022-11-21 17:06:20,390 [INFO] CodeEngine:257 - Generated code: E:\HK221\VXL\GIT\STM32\LAB4_WITH_UPDATE_O_1\MXTmpFiles\gpio.tmp
2022-11-21 17:06:20,491 [INFO] CodeEngine:239 - oldGeneratedFile, E:\HK221\VXL\GIT\STM32\LAB4_WITH_UPDATE_O_1\Core\Src\stm32f1xx_it.c_save
2022-11-21 17:06:20,566 [INFO] CodeEngine:257 - Generated code: E:\HK221\VXL\GIT\STM32\LAB4_WITH_UPDATE_O_1\Core\Src\stm32f1xx_it.c
2022-11-21 17:06:20,571 [INFO] CodeEngine:239 - oldGeneratedFile, E:\HK221\VXL\GIT\STM32\LAB4_WITH_UPDATE_O_1\Core\Inc\stm32f1xx_it.h_save
2022-11-21 17:06:20,632 [INFO] CodeEngine:257 - Generated code: E:\HK221\VXL\GIT\STM32\LAB4_WITH_UPDATE_O_1\Core\Inc\stm32f1xx_it.h
2022-11-21 17:06:20,652 [INFO] CodeEngine:239 - oldGeneratedFile, E:\HK221\VXL\GIT\STM32\LAB4_WITH_UPDATE_O_1\Core\Src\stm32f1xx_hal_msp.c_save
2022-11-21 17:06:20,798 [INFO] CodeEngine:257 - Generated code: E:\HK221\VXL\GIT\STM32\LAB4_WITH_UPDATE_O_1\Core\Src\stm32f1xx_hal_msp.c
2022-11-21 17:06:20,798 [INFO] CodeEngine:239 - oldGeneratedFile, E:\HK221\VXL\GIT\STM32\LAB4_WITH_UPDATE_O_1\MXTmpFiles\system.tmp_save
2022-11-21 17:06:20,845 [INFO] CodeEngine:257 - Generated code: E:\HK221\VXL\GIT\STM32\LAB4_WITH_UPDATE_O_1\MXTmpFiles\system.tmp
2022-11-21 17:06:20,861 [INFO] CodeEngine:239 - oldGeneratedFile, E:\HK221\VXL\GIT\STM32\LAB4_WITH_UPDATE_O_1\Core\Inc\stm32f1xx_hal_conf.h_save
2022-11-21 17:06:20,970 [INFO] CodeEngine:257 - Generated code: E:\HK221\VXL\GIT\STM32\LAB4_WITH_UPDATE_O_1\Core\Inc\stm32f1xx_hal_conf.h
2022-11-21 17:06:20,986 [WARN] IPConfigManager:3148 - IP not found : TIM
2022-11-21 17:06:20,986 [WARN] CodeGenerator:3268 - IP not found : null
2022-11-21 17:06:21,002 [INFO] CodeEngine:239 - oldGeneratedFile, E:\HK221\VXL\GIT\STM32\LAB4_WITH_UPDATE_O_1\Core\Inc\main.h_save
2022-11-21 17:06:21,066 [INFO] CodeEngine:257 - Generated code: E:\HK221\VXL\GIT\STM32\LAB4_WITH_UPDATE_O_1\Core\Inc\main.h
2022-11-21 17:06:21,082 [INFO] CodeEngine:239 - oldGeneratedFile, E:\HK221\VXL\GIT\STM32\LAB4_WITH_UPDATE_O_1\Core\Src\main.c_save
2022-11-21 17:06:21,177 [INFO] CodeEngine:257 - Generated code: E:\HK221\VXL\GIT\STM32\LAB4_WITH_UPDATE_O_1\Core\Src\main.c
2022-11-21 17:06:22,104 [INFO] ProjectBuilder:2578 - Time for Copy HAL[1] : 176mS.
2022-11-21 17:06:22,104 [INFO] ProjectBuilder:3622 - Project Generator version: 3.14.1
2022-11-21 17:06:22,545 [INFO] ConfigFileManager:1271 - The Die is : DIE412
2022-11-21 17:06:24,209 [INFO] ProjectBuilder:3789 - Time for Generating toolchain IDE Files: 2105mS.
2022-11-21 17:06:24,220 [INFO] ProjectBuilder:2457 - Time for Copy CMSIS : 0mS.
2022-11-21 17:06:24,223 [INFO] ProjectBuilder:2457 - Time for Copy CMSIS : 0mS.
